-------------------------------------------------------------------------------
Test set: com.superset.test.RunCucumberTest
-------------------------------------------------------------------------------
Tests run: 139, Failures: 4, Errors: 129, Skipped: 0, Time elapsed: 5.403 s <<< FAILURE! -- in com.superset.test.RunCucumberTest
Advanced Data Type API.Advanced Data Type API - Convert advanced data type -- Time elapsed: 0.182 s <<< ERROR!
java.lang.NullPointerException: Cannot invoke "com.superset.api.SupersetApiClient.login(String, String)" because "this.client" is null
	at com.superset.steps.CommonSteps.iAmLoggedIn(CommonSteps.java:21)
	at ✽.I am logged in(classpath:features/advanced_data_type.feature:6)

Advanced Data Type API.Advanced Data Type API - Get advanced data type types -- Time elapsed: 0.014 s <<< ERROR!
java.lang.NullPointerException: Cannot invoke "com.superset.api.SupersetApiClient.login(String, String)" because "this.client" is null
	at com.superset.steps.CommonSteps.iAmLoggedIn(CommonSteps.java:21)
	at ✽.I am logged in(classpath:features/advanced_data_type.feature:11)

Annotation Layer API.Annotation Layer API - Get all annotation layers -- Time elapsed: 0.011 s <<< ERROR!
java.lang.NullPointerException: Cannot invoke "com.superset.api.SupersetApiClient.login(String, String)" because "this.client" is null
	at com.superset.steps.CommonSteps.iAmLoggedIn(CommonSteps.java:21)
	at ✽.I am logged in(classpath:features/annotation_layer.feature:6)

Annotation Layer API.Annotation Layer API - Get annotation layer info -- Time elapsed: 0.010 s <<< ERROR!
java.lang.NullPointerException: Cannot invoke "com.superset.api.SupersetApiClient.login(String, String)" because "this.client" is null
	at com.superset.steps.CommonSteps.iAmLoggedIn(CommonSteps.java:21)
	at ✽.I am logged in(classpath:features/annotation_layer.feature:12)

Annotation Layer API.Annotation Layer API - Create annotation layer -- Time elapsed: 0.011 s <<< ERROR!
java.lang.NullPointerException: Cannot invoke "com.superset.api.SupersetApiClient.login(String, String)" because "this.client" is null
	at com.superset.steps.CommonSteps.iAmLoggedIn(CommonSteps.java:21)
	at ✽.I am logged in(classpath:features/annotation_layer.feature:17)

Annotation Layer API.Annotation Layer API - Update annotation layer -- Time elapsed: 0.006 s <<< ERROR!
java.lang.NullPointerException: Cannot invoke "com.superset.api.SupersetApiClient.login(String, String)" because "this.client" is null
	at com.superset.steps.CommonSteps.iAmLoggedIn(CommonSteps.java:21)
	at ✽.I am logged in(classpath:features/annotation_layer.feature:22)

Annotation Layer API.Annotation Layer API - Delete annotation layer -- Time elapsed: 0.007 s <<< ERROR!
java.lang.NullPointerException: Cannot invoke "com.superset.api.SupersetApiClient.login(String, String)" because "this.client" is null
	at com.superset.steps.CommonSteps.iAmLoggedIn(CommonSteps.java:21)
	at ✽.I am logged in(classpath:features/annotation_layer.feature:27)

Annotation Layer API.Annotation Layer API - Get specific annotation layer -- Time elapsed: 0.004 s <<< ERROR!
java.lang.NullPointerException: Cannot invoke "com.superset.api.SupersetApiClient.login(String, String)" because "this.client" is null
	at com.superset.steps.CommonSteps.iAmLoggedIn(CommonSteps.java:21)
	at ✽.I am logged in(classpath:features/annotation_layer.feature:32)

Annotation Layer API.Annotation Layer API - Get related column values -- Time elapsed: 0.004 s <<< ERROR!
java.lang.NullPointerException: Cannot invoke "com.superset.api.SupersetApiClient.login(String, String)" because "this.client" is null
	at com.superset.steps.CommonSteps.iAmLoggedIn(CommonSteps.java:21)
	at ✽.I am logged in(classpath:features/annotation_layer.feature:37)

Annotation Layer API.Annotation Layer API - Get annotations for layer -- Time elapsed: 0.006 s <<< ERROR!
java.lang.NullPointerException: Cannot invoke "com.superset.api.SupersetApiClient.login(String, String)" because "this.client" is null
	at com.superset.steps.CommonSteps.iAmLoggedIn(CommonSteps.java:21)
	at ✽.I am logged in(classpath:features/annotation_layer.feature:42)

Annotation Layer API.Annotation Layer API - Create annotation -- Time elapsed: 0.008 s <<< ERROR!
java.lang.NullPointerException: Cannot invoke "com.superset.api.SupersetApiClient.login(String, String)" because "this.client" is null
	at com.superset.steps.CommonSteps.iAmLoggedIn(CommonSteps.java:21)
	at ✽.I am logged in(classpath:features/annotation_layer.feature:47)

Annotation Layer API.Annotation Layer API - Update annotation -- Time elapsed: 0.009 s <<< ERROR!
java.lang.NullPointerException: Cannot invoke "com.superset.api.SupersetApiClient.login(String, String)" because "this.client" is null
	at com.superset.steps.CommonSteps.iAmLoggedIn(CommonSteps.java:21)
	at ✽.I am logged in(classpath:features/annotation_layer.feature:52)

Annotation Layer API.Annotation Layer API - Delete annotation -- Time elapsed: 0.004 s <<< ERROR!
java.lang.NullPointerException: Cannot invoke "com.superset.api.SupersetApiClient.login(String, String)" because "this.client" is null
	at com.superset.steps.CommonSteps.iAmLoggedIn(CommonSteps.java:21)
	at ✽.I am logged in(classpath:features/annotation_layer.feature:57)

Annotation Layer API.Annotation Layer API - Get specific annotation -- Time elapsed: 0.007 s <<< ERROR!
java.lang.NullPointerException: Cannot invoke "com.superset.api.SupersetApiClient.login(String, String)" because "this.client" is null
	at com.superset.steps.CommonSteps.iAmLoggedIn(CommonSteps.java:21)
	at ✽.I am logged in(classpath:features/annotation_layer.feature:62)

Authentication API.Authentication API - Login with invalid credentials -- Time elapsed: 0.153 s <<< ERROR!
io.cucumber.junit.platform.engine.UndefinedStepException: 
The step 'the authentication response status should be 401' is undefined.
You can implement this step using the snippet(s) below:

@Then("the authentication response status should be {int}")
public void the_authentication_response_status_should_be(Integer int1) {
    // Write code here that turns the phrase above into concrete actions
    throw new io.cucumber.java.PendingException();
}

	at io.cucumber.core.runtime.TestCaseResultObserver.assertTestCasePassed(TestCaseResultObserver.java:69)
	at io.cucumber.junit.platform.engine.TestCaseResultObserver.assertTestCasePassed(TestCaseResultObserver.java:22)
	at io.cucumber.junit.platform.engine.CucumberEngineExecutionContext.lambda$runTestCase$4(CucumberEngineExecutionContext.java:114)
	at io.cucumber.core.runtime.CucumberExecutionContext.lambda$runTestCase$5(CucumberExecutionContext.java:137)
	at io.cucumber.core.runtime.RethrowingThrowableCollector.executeAndThrow(RethrowingThrowableCollector.java:23)
	at io.cucumber.core.runtime.CucumberExecutionContext.runTestCase(CucumberExecutionContext.java:137)
	at io.cucumber.junit.platform.engine.CucumberEngineExecutionContext.runTestCase(CucumberEngineExecutionContext.java:109)
	at io.cucumber.junit.platform.engine.NodeDescriptor$PickleDescriptor.execute(NodeDescriptor.java:168)
	at io.cucumber.junit.platform.engine.NodeDescriptor$PickleDescriptor.execute(NodeDescriptor.java:90)
	at java.base/java.util.ArrayList.forEach(ArrayList.java:1596)
	at java.base/java.util.ArrayList.forEach(ArrayList.java:1596)

Chart API.Chart API - Get all charts -- Time elapsed: 0.272 s <<< FAILURE!
java.lang.AssertionError: Expected status 200 but got 500
	at com.superset.steps.CommonSteps.theResponseStatusShouldBe(CommonSteps.java:32)
	at ✽.the response status should be 200(classpath:features/chart.feature:8)

CSS Template API.CSS Template API - Get all CSS templates -- Time elapsed: 0.004 s <<< ERROR!
java.lang.NullPointerException: Cannot invoke "com.superset.api.SupersetApiClient.login(String, String)" because "this.client" is null
	at com.superset.steps.CommonSteps.iAmLoggedIn(CommonSteps.java:21)
	at ✽.I am logged in(classpath:features/css_template.feature:6)

CSS Template API.CSS Template API - Get CSS template info -- Time elapsed: 0.012 s <<< ERROR!
java.lang.NullPointerException: Cannot invoke "com.superset.api.SupersetApiClient.login(String, String)" because "this.client" is null
	at com.superset.steps.CommonSteps.iAmLoggedIn(CommonSteps.java:21)
	at ✽.I am logged in(classpath:features/css_template.feature:12)

CSS Template API.CSS Template API - Create CSS template -- Time elapsed: 0.003 s <<< ERROR!
java.lang.NullPointerException: Cannot invoke "com.superset.api.SupersetApiClient.login(String, String)" because "this.client" is null
	at com.superset.steps.CommonSteps.iAmLoggedIn(CommonSteps.java:21)
	at ✽.I am logged in(classpath:features/css_template.feature:17)

CSS Template API.CSS Template API - Update CSS template -- Time elapsed: 0.003 s <<< ERROR!
java.lang.NullPointerException: Cannot invoke "com.superset.api.SupersetApiClient.login(String, String)" because "this.client" is null
	at com.superset.steps.CommonSteps.iAmLoggedIn(CommonSteps.java:21)
	at ✽.I am logged in(classpath:features/css_template.feature:22)

CSS Template API.CSS Template API - Delete CSS template -- Time elapsed: 0.002 s <<< ERROR!
java.lang.NullPointerException: Cannot invoke "com.superset.api.SupersetApiClient.login(String, String)" because "this.client" is null
	at com.superset.steps.CommonSteps.iAmLoggedIn(CommonSteps.java:21)
	at ✽.I am logged in(classpath:features/css_template.feature:27)

CSS Template API.CSS Template API - Get specific CSS template -- Time elapsed: 0.004 s <<< ERROR!
java.lang.NullPointerException: Cannot invoke "com.superset.api.SupersetApiClient.login(String, String)" because "this.client" is null
	at com.superset.steps.CommonSteps.iAmLoggedIn(CommonSteps.java:21)
	at ✽.I am logged in(classpath:features/css_template.feature:32)

CSS Template API.CSS Template API - Get related column values -- Time elapsed: 0.004 s <<< ERROR!
java.lang.NullPointerException: Cannot invoke "com.superset.api.SupersetApiClient.login(String, String)" because "this.client" is null
	at com.superset.steps.CommonSteps.iAmLoggedIn(CommonSteps.java:21)
	at ✽.I am logged in(classpath:features/css_template.feature:37)

Dataset API.Dataset API - Get all datasets -- Time elapsed: 0.003 s <<< ERROR!
java.lang.NullPointerException: Cannot invoke "com.superset.api.SupersetApiClient.login(String, String)" because "this.client" is null
	at com.superset.steps.CommonSteps.iAmLoggedIn(CommonSteps.java:21)
	at ✽.I am logged in(classpath:features/dataset.feature:6)

Dataset API.Dataset API - Get specific dataset -- Time elapsed: 0.003 s <<< ERROR!
java.lang.NullPointerException: Cannot invoke "com.superset.api.SupersetApiClient.login(String, String)" because "this.client" is null
	at com.superset.steps.CommonSteps.iAmLoggedIn(CommonSteps.java:21)
	at ✽.I am logged in(classpath:features/dataset.feature:12)

Log API.Log API - Get all logs -- Time elapsed: 0.002 s <<< ERROR!
java.lang.NullPointerException: Cannot invoke "com.superset.api.SupersetApiClient.login(String, String)" because "this.client" is null
	at com.superset.steps.CommonSteps.iAmLoggedIn(CommonSteps.java:21)
	at ✽.I am logged in(classpath:features/log.feature:6)

Log API.Log API - Get recent activity -- Time elapsed: 0.002 s <<< ERROR!
java.lang.NullPointerException: Cannot invoke "com.superset.api.SupersetApiClient.login(String, String)" because "this.client" is null
	at com.superset.steps.CommonSteps.iAmLoggedIn(CommonSteps.java:21)
	at ✽.I am logged in(classpath:features/log.feature:12)

Log API.Log API - Get specific log -- Time elapsed: 0.004 s <<< ERROR!
java.lang.NullPointerException: Cannot invoke "com.superset.api.SupersetApiClient.login(String, String)" because "this.client" is null
	at com.superset.steps.CommonSteps.iAmLoggedIn(CommonSteps.java:21)
	at ✽.I am logged in(classpath:features/log.feature:17)

Menu API.Menu API - Get menu items -- Time elapsed: 0.002 s <<< ERROR!
java.lang.NullPointerException: Cannot invoke "com.superset.api.SupersetApiClient.login(String, String)" because "this.client" is null
	at com.superset.steps.CommonSteps.iAmLoggedIn(CommonSteps.java:21)
	at ✽.I am logged in(classpath:features/menu.feature:6)

Negative Test Cases.Negative Test Cases - Login with invalid credentials -- Time elapsed: 0.003 s <<< ERROR!
java.lang.NullPointerException: Cannot invoke "com.superset.api.SupersetApiClient.login(String, String)" because "this.client" is null
	at com.superset.steps.NegativeSteps.iAttemptToLoginWithInvalidCredentials(NegativeSteps.java:23)
	at ✽.I attempt to login with invalid credentials(classpath:features/negative.feature:6)

Negative Test Cases.Negative Test Cases - Access API without authentication -- Time elapsed: 0.003 s <<< ERROR!
java.lang.NullPointerException: Cannot invoke "com.superset.api.SupersetApiClient.getWithoutAuth(String)" because "this.client" is null
	at com.superset.steps.NegativeSteps.iAccessApiWithoutAuthentication(NegativeSteps.java:29)
	at ✽.I access API without authentication(classpath:features/negative.feature:10)

Negative Test Cases.Negative Test Cases - Access non-existent resource -- Time elapsed: 0.003 s <<< ERROR!
java.lang.NullPointerException: Cannot invoke "com.superset.api.SupersetApiClient.login(String, String)" because "this.client" is null
	at com.superset.steps.CommonSteps.iAmLoggedIn(CommonSteps.java:21)
	at ✽.I am logged in(classpath:features/negative.feature:14)

Negative Test Cases.Negative Test Cases - Create resource with invalid data -- Time elapsed: 0.010 s <<< ERROR!
java.lang.NullPointerException: Cannot invoke "com.superset.api.SupersetApiClient.login(String, String)" because "this.client" is null
	at com.superset.steps.CommonSteps.iAmLoggedIn(CommonSteps.java:21)
	at ✽.I am logged in(classpath:features/negative.feature:19)

Negative Test Cases.Negative Test Cases - Update non-existent resource -- Time elapsed: 0.001 s <<< ERROR!
java.lang.NullPointerException: Cannot invoke "com.superset.api.SupersetApiClient.login(String, String)" because "this.client" is null
	at com.superset.steps.CommonSteps.iAmLoggedIn(CommonSteps.java:21)
	at ✽.I am logged in(classpath:features/negative.feature:24)

Negative Test Cases.Negative Test Cases - Delete non-existent resource -- Time elapsed: 0.003 s <<< ERROR!
java.lang.NullPointerException: Cannot invoke "com.superset.api.SupersetApiClient.login(String, String)" because "this.client" is null
	at com.superset.steps.CommonSteps.iAmLoggedIn(CommonSteps.java:21)
	at ✽.I am logged in(classpath:features/negative.feature:29)

Negative Test Cases.Negative Test Cases - Access resource without permission -- Time elapsed: 0.004 s <<< ERROR!
java.lang.NullPointerException: Cannot invoke "com.superset.api.SupersetApiClient.login(String, String)" because "this.client" is null
	at com.superset.steps.CommonSteps.iAmLoggedIn(CommonSteps.java:21)
	at ✽.I am logged in(classpath:features/negative.feature:34)

Negative Test Cases.Negative Test Cases - Create duplicate resource -- Time elapsed: 0.004 s <<< ERROR!
java.lang.NullPointerException: Cannot invoke "com.superset.api.SupersetApiClient.login(String, String)" because "this.client" is null
	at com.superset.steps.CommonSteps.iAmLoggedIn(CommonSteps.java:21)
	at ✽.I am logged in(classpath:features/negative.feature:39)

Negative Test Cases.Negative Test Cases - Request with invalid parameters -- Time elapsed: 0.003 s <<< ERROR!
java.lang.NullPointerException: Cannot invoke "com.superset.api.SupersetApiClient.login(String, String)" because "this.client" is null
	at com.superset.steps.CommonSteps.iAmLoggedIn(CommonSteps.java:21)
	at ✽.I am logged in(classpath:features/negative.feature:44)

Negative Test Cases.Negative Test Cases - Request with missing required fields -- Time elapsed: 0.005 s <<< ERROR!
java.lang.NullPointerException: Cannot invoke "com.superset.api.SupersetApiClient.login(String, String)" because "this.client" is null
	at com.superset.steps.CommonSteps.iAmLoggedIn(CommonSteps.java:21)
	at ✽.I am logged in(classpath:features/negative.feature:49)

Negative Test Cases.Negative Test Cases - Execute invalid SQL query -- Time elapsed: 0.003 s <<< ERROR!
java.lang.NullPointerException: Cannot invoke "com.superset.api.SupersetApiClient.login(String, String)" because "this.client" is null
	at com.superset.steps.CommonSteps.iAmLoggedIn(CommonSteps.java:21)
	at ✽.I am logged in(classpath:features/negative.feature:54)

Negative Test Cases.Negative Test Cases - Create dashboard with invalid data -- Time elapsed: 0.003 s <<< ERROR!
java.lang.NullPointerException: Cannot invoke "com.superset.api.SupersetApiClient.login(String, String)" because "this.client" is null
	at com.superset.steps.CommonSteps.iAmLoggedIn(CommonSteps.java:21)
	at ✽.I am logged in(classpath:features/negative.feature:59)

Negative Test Cases.Negative Test Cases - Create chart with invalid data -- Time elapsed: 0.009 s <<< ERROR!
java.lang.NullPointerException: Cannot invoke "com.superset.api.SupersetApiClient.login(String, String)" because "this.client" is null
	at com.superset.steps.CommonSteps.iAmLoggedIn(CommonSteps.java:21)
	at ✽.I am logged in(classpath:features/negative.feature:64)

Negative Test Cases.Negative Test Cases - Create dataset with invalid data -- Time elapsed: 0.005 s <<< ERROR!
java.lang.NullPointerException: Cannot invoke "com.superset.api.SupersetApiClient.login(String, String)" because "this.client" is null
	at com.superset.steps.CommonSteps.iAmLoggedIn(CommonSteps.java:21)
	at ✽.I am logged in(classpath:features/negative.feature:69)

Negative Test Cases.Negative Test Cases - Create database with invalid connection -- Time elapsed: 0.004 s <<< ERROR!
java.lang.NullPointerException: Cannot invoke "com.superset.api.SupersetApiClient.login(String, String)" because "this.client" is null
	at com.superset.steps.CommonSteps.iAmLoggedIn(CommonSteps.java:21)
	at ✽.I am logged in(classpath:features/negative.feature:74)

Negative Test Cases.Negative Test Cases - Request with invalid token -- Time elapsed: 0.004 s <<< ERROR!
java.lang.NullPointerException: Cannot invoke "com.superset.api.SupersetApiClient.setToken(String)" because "this.client" is null
	at com.superset.steps.NegativeSteps.iRequestWithInvalidToken(NegativeSteps.java:144)
	at ✽.I request with invalid token(classpath:features/negative.feature:79)

Negative Test Cases.Negative Test Cases - Request with expired token -- Time elapsed: 0.004 s <<< ERROR!
java.lang.NullPointerException: Cannot invoke "com.superset.api.SupersetApiClient.setToken(String)" because "this.client" is null
	at com.superset.steps.NegativeSteps.iRequestWithExpiredToken(NegativeSteps.java:151)
	at ✽.I request with expired token(classpath:features/negative.feature:83)

Negative Test Cases.Negative Test Cases - Bulk operation with invalid data -- Time elapsed: 0.003 s <<< ERROR!
java.lang.NullPointerException: Cannot invoke "com.superset.api.SupersetApiClient.login(String, String)" because "this.client" is null
	at com.superset.steps.CommonSteps.iAmLoggedIn(CommonSteps.java:21)
	at ✽.I am logged in(classpath:features/negative.feature:87)

Negative Test Cases.Negative Test Cases - Import with invalid format -- Time elapsed: 0.005 s <<< ERROR!
java.lang.NullPointerException: Cannot invoke "com.superset.api.SupersetApiClient.login(String, String)" because "this.client" is null
	at com.superset.steps.CommonSteps.iAmLoggedIn(CommonSteps.java:21)
	at ✽.I am logged in(classpath:features/negative.feature:92)

Report API.Report API - Get all reports -- Time elapsed: 0.004 s <<< ERROR!
java.lang.NullPointerException: Cannot invoke "com.superset.api.SupersetApiClient.login(String, String)" because "this.client" is null
	at com.superset.steps.CommonSteps.iAmLoggedIn(CommonSteps.java:21)
	at ✽.I am logged in(classpath:features/report.feature:6)

Report API.Report API - Get report info -- Time elapsed: 0.005 s <<< ERROR!
java.lang.NullPointerException: Cannot invoke "com.superset.api.SupersetApiClient.login(String, String)" because "this.client" is null
	at com.superset.steps.CommonSteps.iAmLoggedIn(CommonSteps.java:21)
	at ✽.I am logged in(classpath:features/report.feature:12)

Report API.Report API - Get report slack channels -- Time elapsed: 0.005 s <<< ERROR!
java.lang.NullPointerException: Cannot invoke "com.superset.api.SupersetApiClient.login(String, String)" because "this.client" is null
	at com.superset.steps.CommonSteps.iAmLoggedIn(CommonSteps.java:21)
	at ✽.I am logged in(classpath:features/report.feature:17)

Report API.Report API - Create report -- Time elapsed: 0.003 s <<< ERROR!
java.lang.NullPointerException: Cannot invoke "com.superset.api.SupersetApiClient.login(String, String)" because "this.client" is null
	at com.superset.steps.CommonSteps.iAmLoggedIn(CommonSteps.java:21)
	at ✽.I am logged in(classpath:features/report.feature:22)

Report API.Report API - Update report -- Time elapsed: 0.003 s <<< ERROR!
java.lang.NullPointerException: Cannot invoke "com.superset.api.SupersetApiClient.login(String, String)" because "this.client" is null
	at com.superset.steps.CommonSteps.iAmLoggedIn(CommonSteps.java:21)
	at ✽.I am logged in(classpath:features/report.feature:27)

Report API.Report API - Delete report -- Time elapsed: 0.003 s <<< ERROR!
java.lang.NullPointerException: Cannot invoke "com.superset.api.SupersetApiClient.login(String, String)" because "this.client" is null
	at com.superset.steps.CommonSteps.iAmLoggedIn(CommonSteps.java:21)
	at ✽.I am logged in(classpath:features/report.feature:32)

Report API.Report API - Get report logs -- Time elapsed: 0.004 s <<< ERROR!
java.lang.NullPointerException: Cannot invoke "com.superset.api.SupersetApiClient.login(String, String)" because "this.client" is null
	at com.superset.steps.CommonSteps.iAmLoggedIn(CommonSteps.java:21)
	at ✽.I am logged in(classpath:features/report.feature:37)

Report API.Report API - Get specific report log -- Time elapsed: 0.005 s <<< ERROR!
java.lang.NullPointerException: Cannot invoke "com.superset.api.SupersetApiClient.login(String, String)" because "this.client" is null
	at com.superset.steps.CommonSteps.iAmLoggedIn(CommonSteps.java:21)
	at ✽.I am logged in(classpath:features/report.feature:42)

Row Level Security API.Row Level Security API - Get all row level security rules -- Time elapsed: 0.004 s <<< ERROR!
java.lang.NullPointerException: Cannot invoke "com.superset.api.SupersetApiClient.login(String, String)" because "this.client" is null
	at com.superset.steps.CommonSteps.iAmLoggedIn(CommonSteps.java:21)
	at ✽.I am logged in(classpath:features/rowlevelsecurity.feature:6)

Row Level Security API.Row Level Security API - Get row level security info -- Time elapsed: 0.004 s <<< ERROR!
java.lang.NullPointerException: Cannot invoke "com.superset.api.SupersetApiClient.login(String, String)" because "this.client" is null
	at com.superset.steps.CommonSteps.iAmLoggedIn(CommonSteps.java:21)
	at ✽.I am logged in(classpath:features/rowlevelsecurity.feature:12)

Row Level Security API.Row Level Security API - Create row level security rule -- Time elapsed: 0.003 s <<< ERROR!
java.lang.NullPointerException: Cannot invoke "com.superset.api.SupersetApiClient.login(String, String)" because "this.client" is null
	at com.superset.steps.CommonSteps.iAmLoggedIn(CommonSteps.java:21)
	at ✽.I am logged in(classpath:features/rowlevelsecurity.feature:17)

Row Level Security API.Row Level Security API - Update row level security rule -- Time elapsed: 0.003 s <<< ERROR!
java.lang.NullPointerException: Cannot invoke "com.superset.api.SupersetApiClient.login(String, String)" because "this.client" is null
	at com.superset.steps.CommonSteps.iAmLoggedIn(CommonSteps.java:21)
	at ✽.I am logged in(classpath:features/rowlevelsecurity.feature:22)

Row Level Security API.Row Level Security API - Delete row level security rule -- Time elapsed: 0.003 s <<< ERROR!
java.lang.NullPointerException: Cannot invoke "com.superset.api.SupersetApiClient.login(String, String)" because "this.client" is null
	at com.superset.steps.CommonSteps.iAmLoggedIn(CommonSteps.java:21)
	at ✽.I am logged in(classpath:features/rowlevelsecurity.feature:27)

Row Level Security API.Row Level Security API - Get specific row level security rule -- Time elapsed: 0.009 s <<< ERROR!
java.lang.NullPointerException: Cannot invoke "com.superset.api.SupersetApiClient.login(String, String)" because "this.client" is null
	at com.superset.steps.CommonSteps.iAmLoggedIn(CommonSteps.java:21)
	at ✽.I am logged in(classpath:features/rowlevelsecurity.feature:32)

Saved Query API.Saved Query API - Get all saved queries -- Time elapsed: 0.006 s <<< ERROR!
java.lang.NullPointerException: Cannot invoke "com.superset.api.SupersetApiClient.login(String, String)" because "this.client" is null
	at com.superset.steps.CommonSteps.iAmLoggedIn(CommonSteps.java:21)
	at ✽.I am logged in(classpath:features/saved_query.feature:6)

Saved Query API.Saved Query API - Get saved query info -- Time elapsed: 0.003 s <<< ERROR!
java.lang.NullPointerException: Cannot invoke "com.superset.api.SupersetApiClient.login(String, String)" because "this.client" is null
	at com.superset.steps.CommonSteps.iAmLoggedIn(CommonSteps.java:21)
	at ✽.I am logged in(classpath:features/saved_query.feature:12)

Saved Query API.Saved Query API - Get distinct values for column -- Time elapsed: 0.003 s <<< ERROR!
java.lang.NullPointerException: Cannot invoke "com.superset.api.SupersetApiClient.login(String, String)" because "this.client" is null
	at com.superset.steps.CommonSteps.iAmLoggedIn(CommonSteps.java:21)
	at ✽.I am logged in(classpath:features/saved_query.feature:17)

Saved Query API.Saved Query API - Create saved query -- Time elapsed: 0.004 s <<< ERROR!
java.lang.NullPointerException: Cannot invoke "com.superset.api.SupersetApiClient.login(String, String)" because "this.client" is null
	at com.superset.steps.CommonSteps.iAmLoggedIn(CommonSteps.java:21)
	at ✽.I am logged in(classpath:features/saved_query.feature:22)

Saved Query API.Saved Query API - Update saved query -- Time elapsed: 0.005 s <<< ERROR!
java.lang.NullPointerException: Cannot invoke "com.superset.api.SupersetApiClient.login(String, String)" because "this.client" is null
	at com.superset.steps.CommonSteps.iAmLoggedIn(CommonSteps.java:21)
	at ✽.I am logged in(classpath:features/saved_query.feature:27)

Saved Query API.Saved Query API - Delete saved query -- Time elapsed: 0.003 s <<< ERROR!
java.lang.NullPointerException: Cannot invoke "com.superset.api.SupersetApiClient.login(String, String)" because "this.client" is null
	at com.superset.steps.CommonSteps.iAmLoggedIn(CommonSteps.java:21)
	at ✽.I am logged in(classpath:features/saved_query.feature:32)

Saved Query API.Saved Query API - Get specific saved query -- Time elapsed: 0.005 s <<< ERROR!
java.lang.NullPointerException: Cannot invoke "com.superset.api.SupersetApiClient.login(String, String)" because "this.client" is null
	at com.superset.steps.CommonSteps.iAmLoggedIn(CommonSteps.java:21)
	at ✽.I am logged in(classpath:features/saved_query.feature:37)

Saved Query API.Saved Query API - Export saved query -- Time elapsed: 0.004 s <<< ERROR!
java.lang.NullPointerException: Cannot invoke "com.superset.api.SupersetApiClient.login(String, String)" because "this.client" is null
	at com.superset.steps.CommonSteps.iAmLoggedIn(CommonSteps.java:21)
	at ✽.I am logged in(classpath:features/saved_query.feature:42)

Saved Query API.Saved Query API - Import saved query -- Time elapsed: 0.004 s <<< ERROR!
java.lang.NullPointerException: Cannot invoke "com.superset.api.SupersetApiClient.login(String, String)" because "this.client" is null
	at com.superset.steps.CommonSteps.iAmLoggedIn(CommonSteps.java:21)
	at ✽.I am logged in(classpath:features/saved_query.feature:47)

Security API.Security API - Get all groups -- Time elapsed: 0.003 s <<< ERROR!
java.lang.NullPointerException: Cannot invoke "com.superset.api.SupersetApiClient.login(String, String)" because "this.client" is null
	at com.superset.steps.CommonSteps.iAmLoggedIn(CommonSteps.java:21)
	at ✽.I am logged in(classpath:features/security.feature:6)

Security API.Security API - Get group info -- Time elapsed: 0.003 s <<< ERROR!
java.lang.NullPointerException: Cannot invoke "com.superset.api.SupersetApiClient.login(String, String)" because "this.client" is null
	at com.superset.steps.CommonSteps.iAmLoggedIn(CommonSteps.java:21)
	at ✽.I am logged in(classpath:features/security.feature:12)

Security API.Security API - Get specific group -- Time elapsed: 0.005 s <<< ERROR!
java.lang.NullPointerException: Cannot invoke "com.superset.api.SupersetApiClient.login(String, String)" because "this.client" is null
	at com.superset.steps.CommonSteps.iAmLoggedIn(CommonSteps.java:21)
	at ✽.I am logged in(classpath:features/security.feature:17)

Security API.Security API - Get all permissions -- Time elapsed: 0.005 s <<< ERROR!
java.lang.NullPointerException: Cannot invoke "com.superset.api.SupersetApiClient.login(String, String)" because "this.client" is null
	at com.superset.steps.CommonSteps.iAmLoggedIn(CommonSteps.java:21)
	at ✽.I am logged in(classpath:features/security.feature:22)

Security API.Security API - Get permission info -- Time elapsed: 0.004 s <<< ERROR!
java.lang.NullPointerException: Cannot invoke "com.superset.api.SupersetApiClient.login(String, String)" because "this.client" is null
	at com.superset.steps.CommonSteps.iAmLoggedIn(CommonSteps.java:21)
	at ✽.I am logged in(classpath:features/security.feature:28)

Security API.Security API - Get specific permission -- Time elapsed: 0.004 s <<< ERROR!
java.lang.NullPointerException: Cannot invoke "com.superset.api.SupersetApiClient.login(String, String)" because "this.client" is null
	at com.superset.steps.CommonSteps.iAmLoggedIn(CommonSteps.java:21)
	at ✽.I am logged in(classpath:features/security.feature:33)

Security API.Security API - Get all resources -- Time elapsed: 0.005 s <<< ERROR!
java.lang.NullPointerException: Cannot invoke "com.superset.api.SupersetApiClient.login(String, String)" because "this.client" is null
	at com.superset.steps.CommonSteps.iAmLoggedIn(CommonSteps.java:21)
	at ✽.I am logged in(classpath:features/security.feature:38)

Security API.Security API - Get resource info -- Time elapsed: 0.006 s <<< ERROR!
java.lang.NullPointerException: Cannot invoke "com.superset.api.SupersetApiClient.login(String, String)" because "this.client" is null
	at com.superset.steps.CommonSteps.iAmLoggedIn(CommonSteps.java:21)
	at ✽.I am logged in(classpath:features/security.feature:44)

Security API.Security API - Get specific resource -- Time elapsed: 0.004 s <<< ERROR!
java.lang.NullPointerException: Cannot invoke "com.superset.api.SupersetApiClient.login(String, String)" because "this.client" is null
	at com.superset.steps.CommonSteps.iAmLoggedIn(CommonSteps.java:21)
	at ✽.I am logged in(classpath:features/security.feature:49)

Security API.Security API - Get all roles -- Time elapsed: 0.012 s <<< ERROR!
java.lang.NullPointerException: Cannot invoke "com.superset.api.SupersetApiClient.login(String, String)" because "this.client" is null
	at com.superset.steps.CommonSteps.iAmLoggedIn(CommonSteps.java:21)
	at ✽.I am logged in(classpath:features/security.feature:54)

Security API.Security API - Get role info -- Time elapsed: 0.003 s <<< ERROR!
java.lang.NullPointerException: Cannot invoke "com.superset.api.SupersetApiClient.login(String, String)" because "this.client" is null
	at com.superset.steps.CommonSteps.iAmLoggedIn(CommonSteps.java:21)
	at ✽.I am logged in(classpath:features/security.feature:60)

Security API.Security API - Search roles -- Time elapsed: 0.003 s <<< ERROR!
java.lang.NullPointerException: Cannot invoke "com.superset.api.SupersetApiClient.login(String, String)" because "this.client" is null
	at com.superset.steps.CommonSteps.iAmLoggedIn(CommonSteps.java:21)
	at ✽.I am logged in(classpath:features/security.feature:65)

Security API.Security API - Get specific role -- Time elapsed: 0.003 s <<< ERROR!
java.lang.NullPointerException: Cannot invoke "com.superset.api.SupersetApiClient.login(String, String)" because "this.client" is null
	at com.superset.steps.CommonSteps.iAmLoggedIn(CommonSteps.java:21)
	at ✽.I am logged in(classpath:features/security.feature:70)

Security API.Security API - Get role groups -- Time elapsed: 0.005 s <<< ERROR!
java.lang.NullPointerException: Cannot invoke "com.superset.api.SupersetApiClient.login(String, String)" because "this.client" is null
	at com.superset.steps.CommonSteps.iAmLoggedIn(CommonSteps.java:21)
	at ✽.I am logged in(classpath:features/security.feature:75)

Security API.Security API - Get role permissions -- Time elapsed: 0.005 s <<< ERROR!
java.lang.NullPointerException: Cannot invoke "com.superset.api.SupersetApiClient.login(String, String)" because "this.client" is null
	at com.superset.steps.CommonSteps.iAmLoggedIn(CommonSteps.java:21)
	at ✽.I am logged in(classpath:features/security.feature:80)

Security API.Security API - Get role users -- Time elapsed: 0.003 s <<< ERROR!
java.lang.NullPointerException: Cannot invoke "com.superset.api.SupersetApiClient.login(String, String)" because "this.client" is null
	at com.superset.steps.CommonSteps.iAmLoggedIn(CommonSteps.java:21)
	at ✽.I am logged in(classpath:features/security.feature:85)

Security API.Security API - Get all users -- Time elapsed: 0.003 s <<< ERROR!
java.lang.NullPointerException: Cannot invoke "com.superset.api.SupersetApiClient.login(String, String)" because "this.client" is null
	at com.superset.steps.CommonSteps.iAmLoggedIn(CommonSteps.java:21)
	at ✽.I am logged in(classpath:features/security.feature:90)

Security API.Security API - Get user info -- Time elapsed: 0.004 s <<< ERROR!
java.lang.NullPointerException: Cannot invoke "com.superset.api.SupersetApiClient.login(String, String)" because "this.client" is null
	at com.superset.steps.CommonSteps.iAmLoggedIn(CommonSteps.java:21)
	at ✽.I am logged in(classpath:features/security.feature:96)

Security API.Security API - Get specific user -- Time elapsed: 0.005 s <<< ERROR!
java.lang.NullPointerException: Cannot invoke "com.superset.api.SupersetApiClient.login(String, String)" because "this.client" is null
	at com.superset.steps.CommonSteps.iAmLoggedIn(CommonSteps.java:21)
	at ✽.I am logged in(classpath:features/security.feature:101)

Security API.Security API - Get CSRF token -- Time elapsed: 0.003 s <<< ERROR!
java.lang.NullPointerException: Cannot invoke "com.superset.api.SupersetApiClient.login(String, String)" because "this.client" is null
	at com.superset.steps.CommonSteps.iAmLoggedIn(CommonSteps.java:21)
	at ✽.I am logged in(classpath:features/security.feature:106)

Security API.Security API - Refresh token -- Time elapsed: 0.006 s <<< ERROR!
java.lang.NullPointerException: Cannot invoke "com.superset.api.SupersetApiClient.login(String, String)" because "this.client" is null
	at com.superset.steps.CommonSteps.iAmLoggedIn(CommonSteps.java:21)
	at ✽.I am logged in(classpath:features/security.feature:111)

Security API.Security API - Get guest token -- Time elapsed: 0.003 s <<< ERROR!
java.lang.NullPointerException: Cannot invoke "com.superset.api.SupersetApiClient.login(String, String)" because "this.client" is null
	at com.superset.steps.CommonSteps.iAmLoggedIn(CommonSteps.java:21)
	at ✽.I am logged in(classpath:features/security.feature:116)

Security API.Security API - Get available domains -- Time elapsed: 0.004 s <<< ERROR!
java.lang.NullPointerException: Cannot invoke "com.superset.api.SupersetApiClient.login(String, String)" because "this.client" is null
	at com.superset.steps.CommonSteps.iAmLoggedIn(CommonSteps.java:21)
	at ✽.I am logged in(classpath:features/security.feature:121)

SQL Lab API.SQL Lab API - Get SQL Lab queries -- Time elapsed: 0.005 s <<< ERROR!
java.lang.NullPointerException: Cannot invoke "com.superset.api.SupersetApiClient.login(String, String)" because "this.client" is null
	at com.superset.steps.CommonSteps.iAmLoggedIn(CommonSteps.java:21)
	at ✽.I am logged in(classpath:features/sqllab.feature:6)

SQL Lab API.SQL Lab API - Get distinct values for column -- Time elapsed: 0.005 s <<< ERROR!
java.lang.NullPointerException: Cannot invoke "com.superset.api.SupersetApiClient.login(String, String)" because "this.client" is null
	at com.superset.steps.CommonSteps.iAmLoggedIn(CommonSteps.java:21)
	at ✽.I am logged in(classpath:features/sqllab.feature:12)

SQL Lab API.SQL Lab API - Estimate query -- Time elapsed: 0.004 s <<< ERROR!
java.lang.NullPointerException: Cannot invoke "com.superset.api.SupersetApiClient.login(String, String)" because "this.client" is null
	at com.superset.steps.CommonSteps.iAmLoggedIn(CommonSteps.java:21)
	at ✽.I am logged in(classpath:features/sqllab.feature:17)

SQL Lab API.SQL Lab API - Execute query -- Time elapsed: 0.003 s <<< ERROR!
java.lang.NullPointerException: Cannot invoke "com.superset.api.SupersetApiClient.login(String, String)" because "this.client" is null
	at com.superset.steps.CommonSteps.iAmLoggedIn(CommonSteps.java:21)
	at ✽.I am logged in(classpath:features/sqllab.feature:22)

SQL Lab API.SQL Lab API - Stop query -- Time elapsed: 0.005 s <<< ERROR!
java.lang.NullPointerException: Cannot invoke "com.superset.api.SupersetApiClient.login(String, String)" because "this.client" is null
	at com.superset.steps.CommonSteps.iAmLoggedIn(CommonSteps.java:21)
	at ✽.I am logged in(classpath:features/sqllab.feature:27)

SQL Lab API.SQL Lab API - Get updated queries -- Time elapsed: 0.003 s <<< ERROR!
java.lang.NullPointerException: Cannot invoke "com.superset.api.SupersetApiClient.login(String, String)" because "this.client" is null
	at com.superset.steps.CommonSteps.iAmLoggedIn(CommonSteps.java:21)
	at ✽.I am logged in(classpath:features/sqllab.feature:32)

SQL Lab API.SQL Lab API - Get specific query -- Time elapsed: 0.005 s <<< ERROR!
java.lang.NullPointerException: Cannot invoke "com.superset.api.SupersetApiClient.login(String, String)" because "this.client" is null
	at com.superset.steps.CommonSteps.iAmLoggedIn(CommonSteps.java:21)
	at ✽.I am logged in(classpath:features/sqllab.feature:37)

SQL Lab API.SQL Lab API - Export query results -- Time elapsed: 0.005 s <<< ERROR!
java.lang.NullPointerException: Cannot invoke "com.superset.api.SupersetApiClient.login(String, String)" because "this.client" is null
	at com.superset.steps.CommonSteps.iAmLoggedIn(CommonSteps.java:21)
	at ✽.I am logged in(classpath:features/sqllab.feature:42)

SQL Lab API.SQL Lab API - Format SQL -- Time elapsed: 0.005 s <<< ERROR!
java.lang.NullPointerException: Cannot invoke "com.superset.api.SupersetApiClient.login(String, String)" because "this.client" is null
	at com.superset.steps.CommonSteps.iAmLoggedIn(CommonSteps.java:21)
	at ✽.I am logged in(classpath:features/sqllab.feature:47)

SQL Lab API.SQL Lab API - Get SQL Lab permalink -- Time elapsed: 0.004 s <<< ERROR!
java.lang.NullPointerException: Cannot invoke "com.superset.api.SupersetApiClient.login(String, String)" because "this.client" is null
	at com.superset.steps.CommonSteps.iAmLoggedIn(CommonSteps.java:21)
	at ✽.I am logged in(classpath:features/sqllab.feature:52)

SQL Lab API.SQL Lab API - Get specific SQL Lab permalink -- Time elapsed: 0.004 s <<< ERROR!
java.lang.NullPointerException: Cannot invoke "com.superset.api.SupersetApiClient.login(String, String)" because "this.client" is null
	at com.superset.steps.CommonSteps.iAmLoggedIn(CommonSteps.java:21)
	at ✽.I am logged in(classpath:features/sqllab.feature:57)

SQL Lab API.SQL Lab API - Get query results -- Time elapsed: 0.005 s <<< ERROR!
java.lang.NullPointerException: Cannot invoke "com.superset.api.SupersetApiClient.login(String, String)" because "this.client" is null
	at com.superset.steps.CommonSteps.iAmLoggedIn(CommonSteps.java:21)
	at ✽.I am logged in(classpath:features/sqllab.feature:62)

Tag API.Tag API - Get all tags -- Time elapsed: 0.005 s <<< ERROR!
java.lang.NullPointerException: Cannot invoke "com.superset.api.SupersetApiClient.login(String, String)" because "this.client" is null
	at com.superset.steps.CommonSteps.iAmLoggedIn(CommonSteps.java:21)
	at ✽.I am logged in(classpath:features/tag.feature:6)

Tag API.Tag API - Get tag info -- Time elapsed: 0.004 s <<< ERROR!
java.lang.NullPointerException: Cannot invoke "com.superset.api.SupersetApiClient.login(String, String)" because "this.client" is null
	at com.superset.steps.CommonSteps.iAmLoggedIn(CommonSteps.java:21)
	at ✽.I am logged in(classpath:features/tag.feature:12)

Tag API.Tag API - Create tag -- Time elapsed: 0.006 s <<< ERROR!
java.lang.NullPointerException: Cannot invoke "com.superset.api.SupersetApiClient.login(String, String)" because "this.client" is null
	at com.superset.steps.CommonSteps.iAmLoggedIn(CommonSteps.java:21)
	at ✽.I am logged in(classpath:features/tag.feature:17)

Tag API.Tag API - Bulk create tags -- Time elapsed: 0.004 s <<< ERROR!
java.lang.NullPointerException: Cannot invoke "com.superset.api.SupersetApiClient.login(String, String)" because "this.client" is null
	at com.superset.steps.CommonSteps.iAmLoggedIn(CommonSteps.java:21)
	at ✽.I am logged in(classpath:features/tag.feature:22)

Tag API.Tag API - Update tag -- Time elapsed: 0.005 s <<< ERROR!
java.lang.NullPointerException: Cannot invoke "com.superset.api.SupersetApiClient.login(String, String)" because "this.client" is null
	at com.superset.steps.CommonSteps.iAmLoggedIn(CommonSteps.java:21)
	at ✽.I am logged in(classpath:features/tag.feature:27)

Tag API.Tag API - Delete tag -- Time elapsed: 0.006 s <<< ERROR!
java.lang.NullPointerException: Cannot invoke "com.superset.api.SupersetApiClient.login(String, String)" because "this.client" is null
	at com.superset.steps.CommonSteps.iAmLoggedIn(CommonSteps.java:21)
	at ✽.I am logged in(classpath:features/tag.feature:32)

Tag API.Tag API - Get specific tag -- Time elapsed: 0.005 s <<< ERROR!
java.lang.NullPointerException: Cannot invoke "com.superset.api.SupersetApiClient.login(String, String)" because "this.client" is null
	at com.superset.steps.CommonSteps.iAmLoggedIn(CommonSteps.java:21)
	at ✽.I am logged in(classpath:features/tag.feature:37)

Tag API.Tag API - Get tag favorite status -- Time elapsed: 0.004 s <<< ERROR!
java.lang.NullPointerException: Cannot invoke "com.superset.api.SupersetApiClient.login(String, String)" because "this.client" is null
	at com.superset.steps.CommonSteps.iAmLoggedIn(CommonSteps.java:21)
	at ✽.I am logged in(classpath:features/tag.feature:42)

Tag API.Tag API - Get tag favorites -- Time elapsed: 0.003 s <<< ERROR!
java.lang.NullPointerException: Cannot invoke "com.superset.api.SupersetApiClient.login(String, String)" because "this.client" is null
	at com.superset.steps.CommonSteps.iAmLoggedIn(CommonSteps.java:21)
	at ✽.I am logged in(classpath:features/tag.feature:47)

Tag API.Tag API - Get objects with tag -- Time elapsed: 0.004 s <<< ERROR!
java.lang.NullPointerException: Cannot invoke "com.superset.api.SupersetApiClient.login(String, String)" because "this.client" is null
	at com.superset.steps.CommonSteps.iAmLoggedIn(CommonSteps.java:21)
	at ✽.I am logged in(classpath:features/tag.feature:52)

Tag API.Tag API - Tag object -- Time elapsed: 0.004 s <<< ERROR!
java.lang.NullPointerException: Cannot invoke "com.superset.api.SupersetApiClient.login(String, String)" because "this.client" is null
	at com.superset.steps.CommonSteps.iAmLoggedIn(CommonSteps.java:21)
	at ✽.I am logged in(classpath:features/tag.feature:57)

Tag API.Tag API - Untag object -- Time elapsed: 0.004 s <<< ERROR!
java.lang.NullPointerException: Cannot invoke "com.superset.api.SupersetApiClient.login(String, String)" because "this.client" is null
	at com.superset.steps.CommonSteps.iAmLoggedIn(CommonSteps.java:21)
	at ✽.I am logged in(classpath:features/tag.feature:62)

Theme API.Theme API - Get all themes -- Time elapsed: 0.005 s <<< ERROR!
java.lang.NullPointerException: Cannot invoke "com.superset.api.SupersetApiClient.login(String, String)" because "this.client" is null
	at com.superset.steps.CommonSteps.iAmLoggedIn(CommonSteps.java:21)
	at ✽.I am logged in(classpath:features/theme.feature:6)

Theme API.Theme API - Get theme info -- Time elapsed: 0.004 s <<< ERROR!
java.lang.NullPointerException: Cannot invoke "com.superset.api.SupersetApiClient.login(String, String)" because "this.client" is null
	at com.superset.steps.CommonSteps.iAmLoggedIn(CommonSteps.java:21)
	at ✽.I am logged in(classpath:features/theme.feature:12)

Theme API.Theme API - Create theme -- Time elapsed: 0.004 s <<< ERROR!
java.lang.NullPointerException: Cannot invoke "com.superset.api.SupersetApiClient.login(String, String)" because "this.client" is null
	at com.superset.steps.CommonSteps.iAmLoggedIn(CommonSteps.java:21)
	at ✽.I am logged in(classpath:features/theme.feature:17)

Theme API.Theme API - Update theme -- Time elapsed: 0.005 s <<< ERROR!
java.lang.NullPointerException: Cannot invoke "com.superset.api.SupersetApiClient.login(String, String)" because "this.client" is null
	at com.superset.steps.CommonSteps.iAmLoggedIn(CommonSteps.java:21)
	at ✽.I am logged in(classpath:features/theme.feature:22)

Theme API.Theme API - Delete theme -- Time elapsed: 0.005 s <<< ERROR!
java.lang.NullPointerException: Cannot invoke "com.superset.api.SupersetApiClient.login(String, String)" because "this.client" is null
	at com.superset.steps.CommonSteps.iAmLoggedIn(CommonSteps.java:21)
	at ✽.I am logged in(classpath:features/theme.feature:27)

Theme API.Theme API - Get specific theme -- Time elapsed: 0.003 s <<< ERROR!
java.lang.NullPointerException: Cannot invoke "com.superset.api.SupersetApiClient.login(String, String)" because "this.client" is null
	at com.superset.steps.CommonSteps.iAmLoggedIn(CommonSteps.java:21)
	at ✽.I am logged in(classpath:features/theme.feature:32)

Theme API.Theme API - Set theme as system dark -- Time elapsed: 0.005 s <<< ERROR!
java.lang.NullPointerException: Cannot invoke "com.superset.api.SupersetApiClient.login(String, String)" because "this.client" is null
	at com.superset.steps.CommonSteps.iAmLoggedIn(CommonSteps.java:21)
	at ✽.I am logged in(classpath:features/theme.feature:37)

Theme API.Theme API - Set theme as system default -- Time elapsed: 0.005 s <<< ERROR!
java.lang.NullPointerException: Cannot invoke "com.superset.api.SupersetApiClient.login(String, String)" because "this.client" is null
	at com.superset.steps.CommonSteps.iAmLoggedIn(CommonSteps.java:21)
	at ✽.I am logged in(classpath:features/theme.feature:42)

Theme API.Theme API - Unset system dark theme -- Time elapsed: 0.004 s <<< ERROR!
java.lang.NullPointerException: Cannot invoke "com.superset.api.SupersetApiClient.login(String, String)" because "this.client" is null
	at com.superset.steps.CommonSteps.iAmLoggedIn(CommonSteps.java:21)
	at ✽.I am logged in(classpath:features/theme.feature:47)

Theme API.Theme API - Unset system default theme -- Time elapsed: 0.005 s <<< ERROR!
java.lang.NullPointerException: Cannot invoke "com.superset.api.SupersetApiClient.login(String, String)" because "this.client" is null
	at com.superset.steps.CommonSteps.iAmLoggedIn(CommonSteps.java:21)
	at ✽.I am logged in(classpath:features/theme.feature:52)

Theme API.Theme API - Export theme -- Time elapsed: 0.004 s <<< ERROR!
java.lang.NullPointerException: Cannot invoke "com.superset.api.SupersetApiClient.login(String, String)" because "this.client" is null
	at com.superset.steps.CommonSteps.iAmLoggedIn(CommonSteps.java:21)
	at ✽.I am logged in(classpath:features/theme.feature:57)

Theme API.Theme API - Import theme -- Time elapsed: 0.005 s <<< ERROR!
java.lang.NullPointerException: Cannot invoke "com.superset.api.SupersetApiClient.login(String, String)" because "this.client" is null
	at com.superset.steps.CommonSteps.iAmLoggedIn(CommonSteps.java:21)
	at ✽.I am logged in(classpath:features/theme.feature:62)

User API.User API - Get all users -- Time elapsed: 0.178 s <<< FAILURE!
java.lang.AssertionError: Expected status 200 but got 404
	at com.superset.steps.CommonSteps.theResponseStatusShouldBe(CommonSteps.java:32)
	at ✽.the response status should be 200(classpath:features/user.feature:8)

User API.User API - Get current user info -- Time elapsed: 0.154 s <<< FAILURE!
java.lang.AssertionError: Expected status 200 but got 401
	at com.superset.steps.CommonSteps.theResponseStatusShouldBe(CommonSteps.java:32)
	at ✽.the response status should be 200(classpath:features/user.feature:14)

User API.User API - Get roles -- Time elapsed: 0.160 s <<< FAILURE!
java.lang.AssertionError: Expected status 200 but got 404
	at com.superset.steps.CommonSteps.theResponseStatusShouldBe(CommonSteps.java:32)
	at ✽.the response status should be 200(classpath:features/user.feature:20)

