-------------------------------------------------------------------------------
Test set: com.superset.test.RunCucumberTest
-------------------------------------------------------------------------------
Tests run: 139, Failures: 63, Errors: 0, Skipped: 0, Time elapsed: 23.04 s <<< FAILURE! -- in com.superset.test.RunCucumberTest
Advanced Data Type API.Advanced Data Type API - Convert advanced data type -- Time elapsed: 2.191 s <<< FAILURE!
java.lang.AssertionError: Expected status 200 but got 405
	at com.superset.steps.CommonSteps.theResponseStatusShouldBe(CommonSteps.java:35)
	at ✽.the response status should be 200(classpath:features/advanced_data_type.feature:8)

Annotation Layer API.Annotation Layer API - Get related column values -- Time elapsed: 0.136 s <<< FAILURE!
java.lang.AssertionError: Expected status 200 but got 404
	at com.superset.steps.CommonSteps.theResponseStatusShouldBe(CommonSteps.java:35)
	at ✽.the response status should be 200(classpath:features/annotation_layer.feature:39)

Annotation Layer API.Annotation Layer API - Create annotation -- Time elapsed: 0.131 s <<< FAILURE!
java.lang.AssertionError: Expected status 201 or 200 but got 400
	at com.superset.steps.CommonSteps.theResponseStatusShouldBeOr(CommonSteps.java:42)
	at ✽.the response status should be 201 or 200(classpath:features/annotation_layer.feature:49)

Annotation Layer API.Annotation Layer API - Update annotation -- Time elapsed: 0.120 s <<< FAILURE!
java.lang.AssertionError: Expected status 200 but got 404
	at com.superset.steps.CommonSteps.theResponseStatusShouldBe(CommonSteps.java:35)
	at ✽.the response status should be 200(classpath:features/annotation_layer.feature:54)

Annotation Layer API.Annotation Layer API - Delete annotation -- Time elapsed: 0.119 s <<< FAILURE!
java.lang.AssertionError: Expected status 200 or 202 but got 404
	at com.superset.steps.CommonSteps.theResponseStatusShouldBeOr(CommonSteps.java:42)
	at ✽.the response status should be 200 or 202(classpath:features/annotation_layer.feature:59)

Chart API.Chart API - Get all charts -- Time elapsed: 0.131 s <<< FAILURE!
java.lang.AssertionError: Expected status 200 but got 500
	at com.superset.steps.CommonSteps.theResponseStatusShouldBe(CommonSteps.java:35)
	at ✽.the response status should be 200(classpath:features/chart.feature:8)

CSS Template API.CSS Template API - Update CSS template -- Time elapsed: 0.153 s <<< FAILURE!
java.lang.AssertionError: Expected status 200 but got 404
	at com.superset.steps.CommonSteps.theResponseStatusShouldBe(CommonSteps.java:35)
	at ✽.the response status should be 200(classpath:features/css_template.feature:24)

CSS Template API.CSS Template API - Delete CSS template -- Time elapsed: 0.142 s <<< FAILURE!
java.lang.AssertionError: Expected status 200 or 202 but got 404
	at com.superset.steps.CommonSteps.theResponseStatusShouldBeOr(CommonSteps.java:42)
	at ✽.the response status should be 200 or 202(classpath:features/css_template.feature:29)

CSS Template API.CSS Template API - Get related column values -- Time elapsed: 0.120 s <<< FAILURE!
java.lang.AssertionError: Expected status 200 but got 404
	at com.superset.steps.CommonSteps.theResponseStatusShouldBe(CommonSteps.java:35)
	at ✽.the response status should be 200(classpath:features/css_template.feature:39)

Negative Test Cases.Negative Test Cases - Update non-existent resource -- Time elapsed: 0.137 s <<< FAILURE!
java.lang.AssertionError: Expected status 404 but got 400
	at com.superset.steps.CommonSteps.theResponseStatusShouldBe(CommonSteps.java:35)
	at ✽.the response status should be 404(classpath:features/negative.feature:26)

Negative Test Cases.Negative Test Cases - Access resource without permission -- Time elapsed: 0.128 s <<< FAILURE!
java.lang.AssertionError: Expected status 403 but got 200
	at com.superset.steps.CommonSteps.theResponseStatusShouldBe(CommonSteps.java:35)
	at ✽.the response status should be 403(classpath:features/negative.feature:36)

Negative Test Cases.Negative Test Cases - Request with invalid parameters -- Time elapsed: 0.263 s <<< FAILURE!
java.lang.AssertionError: Expected status 400 but got 200
	at com.superset.steps.CommonSteps.theResponseStatusShouldBe(CommonSteps.java:35)
	at ✽.the response status should be 400(classpath:features/negative.feature:46)

Negative Test Cases.Negative Test Cases - Request with missing required fields -- Time elapsed: 0.147 s <<< FAILURE!
java.lang.AssertionError: Expected status 400 but got 201
	at com.superset.steps.CommonSteps.theResponseStatusShouldBe(CommonSteps.java:35)
	at ✽.the response status should be 400(classpath:features/negative.feature:51)

Negative Test Cases.Negative Test Cases - Execute invalid SQL query -- Time elapsed: 0.148 s <<< FAILURE!
java.lang.AssertionError: Expected status 400 or 500 but got 422
	at com.superset.steps.CommonSteps.theResponseStatusShouldBeOr(CommonSteps.java:42)
	at ✽.the response status should be 400 or 500(classpath:features/negative.feature:56)

Negative Test Cases.Negative Test Cases - Create database with invalid connection -- Time elapsed: 0.165 s <<< FAILURE!
java.lang.AssertionError: Expected status 400 or 500 but got 422
	at com.superset.steps.CommonSteps.theResponseStatusShouldBeOr(CommonSteps.java:42)
	at ✽.the response status should be 400 or 500(classpath:features/negative.feature:76)

Negative Test Cases.Negative Test Cases - Request with invalid token -- Time elapsed: 0.017 s <<< FAILURE!
java.lang.AssertionError: Expected status 401 but got 422
	at com.superset.steps.CommonSteps.theResponseStatusShouldBe(CommonSteps.java:35)
	at ✽.the response status should be 401(classpath:features/negative.feature:80)

Negative Test Cases.Negative Test Cases - Request with expired token -- Time elapsed: 0.015 s <<< FAILURE!
java.lang.AssertionError: Expected status 401 but got 422
	at com.superset.steps.CommonSteps.theResponseStatusShouldBe(CommonSteps.java:35)
	at ✽.the response status should be 401(classpath:features/negative.feature:84)

Report API.Report API - Get all reports -- Time elapsed: 0.110 s <<< FAILURE!
java.lang.AssertionError: Expected status 200 but got 404
	at com.superset.steps.CommonSteps.theResponseStatusShouldBe(CommonSteps.java:35)
	at ✽.the response status should be 200(classpath:features/report.feature:8)

Report API.Report API - Get report info -- Time elapsed: 0.109 s <<< FAILURE!
java.lang.AssertionError: Expected status 200 but got 404
	at com.superset.steps.CommonSteps.theResponseStatusShouldBe(CommonSteps.java:35)
	at ✽.the response status should be 200(classpath:features/report.feature:14)

Report API.Report API - Get report slack channels -- Time elapsed: 0.105 s <<< FAILURE!
java.lang.AssertionError: Expected status 200 but got 404
	at com.superset.steps.CommonSteps.theResponseStatusShouldBe(CommonSteps.java:35)
	at ✽.the response status should be 200(classpath:features/report.feature:19)

Report API.Report API - Create report -- Time elapsed: 0.106 s <<< FAILURE!
java.lang.AssertionError: Expected status 201 or 200 but got 404
	at com.superset.steps.CommonSteps.theResponseStatusShouldBeOr(CommonSteps.java:42)
	at ✽.the response status should be 201 or 200(classpath:features/report.feature:24)

Report API.Report API - Update report -- Time elapsed: 0.106 s <<< FAILURE!
java.lang.AssertionError: Expected status 200 but got 404
	at com.superset.steps.CommonSteps.theResponseStatusShouldBe(CommonSteps.java:35)
	at ✽.the response status should be 200(classpath:features/report.feature:29)

Report API.Report API - Delete report -- Time elapsed: 0.113 s <<< FAILURE!
java.lang.AssertionError: Expected status 200 or 202 but got 404
	at com.superset.steps.CommonSteps.theResponseStatusShouldBeOr(CommonSteps.java:42)
	at ✽.the response status should be 200 or 202(classpath:features/report.feature:34)

Report API.Report API - Get report logs -- Time elapsed: 0.106 s <<< FAILURE!
java.lang.AssertionError: Expected status 200 but got 404
	at com.superset.steps.CommonSteps.theResponseStatusShouldBe(CommonSteps.java:35)
	at ✽.the response status should be 200(classpath:features/report.feature:39)

Report API.Report API - Get specific report log -- Time elapsed: 0.106 s <<< FAILURE!
java.lang.AssertionError: Expected status 200 but got 404
	at com.superset.steps.CommonSteps.theResponseStatusShouldBe(CommonSteps.java:35)
	at ✽.the response status should be 200(classpath:features/report.feature:44)

Row Level Security API.Row Level Security API - Create row level security rule -- Time elapsed: 0.134 s <<< FAILURE!
java.lang.AssertionError: Expected status 201 or 200 but got 400
	at com.superset.steps.CommonSteps.theResponseStatusShouldBeOr(CommonSteps.java:42)
	at ✽.the response status should be 201 or 200(classpath:features/rowlevelsecurity.feature:19)

Row Level Security API.Row Level Security API - Update row level security rule -- Time elapsed: 0.125 s <<< FAILURE!
java.lang.AssertionError: Expected status 200 but got 404
	at com.superset.steps.CommonSteps.theResponseStatusShouldBe(CommonSteps.java:35)
	at ✽.the response status should be 200(classpath:features/rowlevelsecurity.feature:24)

Row Level Security API.Row Level Security API - Delete row level security rule -- Time elapsed: 0.156 s <<< FAILURE!
java.lang.AssertionError: Expected status 200 or 202 but got 404
	at com.superset.steps.CommonSteps.theResponseStatusShouldBeOr(CommonSteps.java:42)
	at ✽.the response status should be 200 or 202(classpath:features/rowlevelsecurity.feature:29)

Saved Query API.Saved Query API - Get distinct values for column -- Time elapsed: 0.124 s <<< FAILURE!
java.lang.AssertionError: Expected status 200 but got 404
	at com.superset.steps.CommonSteps.theResponseStatusShouldBe(CommonSteps.java:35)
	at ✽.the response status should be 200(classpath:features/saved_query.feature:19)

Saved Query API.Saved Query API - Create saved query -- Time elapsed: 0.124 s <<< FAILURE!
java.lang.AssertionError: Expected status 201 or 200 but got 422
	at com.superset.steps.CommonSteps.theResponseStatusShouldBeOr(CommonSteps.java:42)
	at ✽.the response status should be 201 or 200(classpath:features/saved_query.feature:24)

Saved Query API.Saved Query API - Update saved query -- Time elapsed: 0.126 s <<< FAILURE!
java.lang.AssertionError: Expected status 200 but got 404
	at com.superset.steps.CommonSteps.theResponseStatusShouldBe(CommonSteps.java:35)
	at ✽.the response status should be 200(classpath:features/saved_query.feature:29)

Saved Query API.Saved Query API - Delete saved query -- Time elapsed: 0.125 s <<< FAILURE!
java.lang.AssertionError: Expected status 200 or 202 but got 404
	at com.superset.steps.CommonSteps.theResponseStatusShouldBeOr(CommonSteps.java:42)
	at ✽.the response status should be 200 or 202(classpath:features/saved_query.feature:34)

Saved Query API.Saved Query API - Export saved query -- Time elapsed: 0.127 s <<< FAILURE!
java.lang.AssertionError: Expected status 200 but got 400
	at com.superset.steps.CommonSteps.theResponseStatusShouldBe(CommonSteps.java:35)
	at ✽.the response status should be 200(classpath:features/saved_query.feature:44)

Saved Query API.Saved Query API - Import saved query -- Time elapsed: 0.119 s <<< FAILURE!
java.lang.AssertionError: Expected status 200 but got 400
	at com.superset.steps.CommonSteps.theResponseStatusShouldBe(CommonSteps.java:35)
	at ✽.the response status should be 200(classpath:features/saved_query.feature:49)

Security API.Security API - Get role groups -- Time elapsed: 0.127 s <<< FAILURE!
java.lang.AssertionError: Expected status 200 but got 405
	at com.superset.steps.CommonSteps.theResponseStatusShouldBe(CommonSteps.java:35)
	at ✽.the response status should be 200(classpath:features/security.feature:77)

Security API.Security API - Get role users -- Time elapsed: 0.118 s <<< FAILURE!
java.lang.AssertionError: Expected status 200 but got 405
	at com.superset.steps.CommonSteps.theResponseStatusShouldBe(CommonSteps.java:35)
	at ✽.the response status should be 200(classpath:features/security.feature:87)

Security API.Security API - Get CSRF token -- Time elapsed: 0.115 s <<< FAILURE!
java.lang.AssertionError: Expected status 200 but got 401
	at com.superset.steps.CommonSteps.theResponseStatusShouldBe(CommonSteps.java:35)
	at ✽.the response status should be 200(classpath:features/security.feature:108)

Security API.Security API - Refresh token -- Time elapsed: 0.105 s <<< FAILURE!
java.lang.AssertionError: Expected status 200 but got 405
	at com.superset.steps.CommonSteps.theResponseStatusShouldBe(CommonSteps.java:35)
	at ✽.the response status should be 200(classpath:features/security.feature:113)

SQL Lab API.SQL Lab API - Get distinct values for column -- Time elapsed: 0.127 s <<< FAILURE!
java.lang.AssertionError: Expected status 200 but got 404
	at com.superset.steps.CommonSteps.theResponseStatusShouldBe(CommonSteps.java:35)
	at ✽.the response status should be 200(classpath:features/sqllab.feature:14)

SQL Lab API.SQL Lab API - Estimate query -- Time elapsed: 0.119 s <<< FAILURE!
java.lang.AssertionError: Expected status 200 but got 500
	at com.superset.steps.CommonSteps.theResponseStatusShouldBe(CommonSteps.java:35)
	at ✽.the response status should be 200(classpath:features/sqllab.feature:19)

SQL Lab API.SQL Lab API - Stop query -- Time elapsed: 1.694 s <<< FAILURE!
java.lang.AssertionError: Expected status 200 but got 500
	at com.superset.steps.CommonSteps.theResponseStatusShouldBe(CommonSteps.java:35)
	at ✽.the response status should be 200(classpath:features/sqllab.feature:29)

SQL Lab API.SQL Lab API - Get updated queries -- Time elapsed: 0.118 s <<< FAILURE!
java.lang.AssertionError: Expected status 200 but got 400
	at com.superset.steps.CommonSteps.theResponseStatusShouldBe(CommonSteps.java:35)
	at ✽.the response status should be 200(classpath:features/sqllab.feature:34)

SQL Lab API.SQL Lab API - Export query results -- Time elapsed: 0.121 s <<< FAILURE!
java.lang.AssertionError: Expected status 200 but got 404
	at com.superset.steps.CommonSteps.theResponseStatusShouldBe(CommonSteps.java:35)
	at ✽.the response status should be 200(classpath:features/sqllab.feature:44)

SQL Lab API.SQL Lab API - Format SQL -- Time elapsed: 0.119 s <<< FAILURE!
java.lang.AssertionError: Expected status 200 but got 400
	at com.superset.steps.CommonSteps.theResponseStatusShouldBe(CommonSteps.java:35)
	at ✽.the response status should be 200(classpath:features/sqllab.feature:49)

SQL Lab API.SQL Lab API - Get SQL Lab permalink -- Time elapsed: 0.112 s <<< FAILURE!
java.lang.AssertionError: Expected status 200 but got 405
	at com.superset.steps.CommonSteps.theResponseStatusShouldBe(CommonSteps.java:35)
	at ✽.the response status should be 200(classpath:features/sqllab.feature:54)

SQL Lab API.SQL Lab API - Get specific SQL Lab permalink -- Time elapsed: 0.113 s <<< FAILURE!
java.lang.AssertionError: Expected status 200 or 404 but got 500
	at com.superset.steps.CommonSteps.theResponseStatusShouldBeOr(CommonSteps.java:42)
	at ✽.the response status should be 200 or 404(classpath:features/sqllab.feature:59)

SQL Lab API.SQL Lab API - Get query results -- Time elapsed: 0.119 s <<< FAILURE!
java.lang.AssertionError: Expected status 200 but got 400
	at com.superset.steps.CommonSteps.theResponseStatusShouldBe(CommonSteps.java:35)
	at ✽.the response status should be 200(classpath:features/sqllab.feature:64)

Tag API.Tag API - Get tag info -- Time elapsed: 0.136 s <<< FAILURE!
java.lang.AssertionError: Expected status 200 but got 500
	at com.superset.steps.CommonSteps.theResponseStatusShouldBe(CommonSteps.java:35)
	at ✽.the response status should be 200(classpath:features/tag.feature:14)

Tag API.Tag API - Bulk create tags -- Time elapsed: 0.113 s <<< FAILURE!
java.lang.AssertionError: Expected status 201 or 200 but got 400
	at com.superset.steps.CommonSteps.theResponseStatusShouldBeOr(CommonSteps.java:42)
	at ✽.the response status should be 201 or 200(classpath:features/tag.feature:24)

Tag API.Tag API - Get tag favorite status -- Time elapsed: 0.114 s <<< FAILURE!
java.lang.AssertionError: Expected status 200 but got 400
	at com.superset.steps.CommonSteps.theResponseStatusShouldBe(CommonSteps.java:35)
	at ✽.the response status should be 200(classpath:features/tag.feature:44)

Tag API.Tag API - Get tag favorites -- Time elapsed: 0.104 s <<< FAILURE!
java.lang.AssertionError: Expected status 200 but got 405
	at com.superset.steps.CommonSteps.theResponseStatusShouldBe(CommonSteps.java:35)
	at ✽.the response status should be 200(classpath:features/tag.feature:49)

Tag API.Tag API - Tag object -- Time elapsed: 0.112 s <<< FAILURE!
java.lang.AssertionError: Expected status 201 or 200 but got 404
	at com.superset.steps.CommonSteps.theResponseStatusShouldBeOr(CommonSteps.java:42)
	at ✽.the response status should be 201 or 200(classpath:features/tag.feature:59)

Tag API.Tag API - Untag object -- Time elapsed: 0.108 s <<< FAILURE!
java.lang.AssertionError: Expected status 200 but got 404
	at com.superset.steps.CommonSteps.theResponseStatusShouldBe(CommonSteps.java:35)
	at ✽.the response status should be 200(classpath:features/tag.feature:64)

Theme API.Theme API - Create theme -- Time elapsed: 0.121 s <<< FAILURE!
java.lang.AssertionError: Expected status 201 or 200 but got 400
	at com.superset.steps.CommonSteps.theResponseStatusShouldBeOr(CommonSteps.java:42)
	at ✽.the response status should be 201 or 200(classpath:features/theme.feature:19)

Theme API.Theme API - Update theme -- Time elapsed: 0.126 s <<< FAILURE!
java.lang.AssertionError: Expected status 200 but got 400
	at com.superset.steps.CommonSteps.theResponseStatusShouldBe(CommonSteps.java:35)
	at ✽.the response status should be 200(classpath:features/theme.feature:24)

Theme API.Theme API - Delete theme -- Time elapsed: 0.129 s <<< FAILURE!
java.lang.AssertionError: Expected status 200 or 202 but got 403
	at com.superset.steps.CommonSteps.theResponseStatusShouldBeOr(CommonSteps.java:42)
	at ✽.the response status should be 200 or 202(classpath:features/theme.feature:29)

Theme API.Theme API - Unset system dark theme -- Time elapsed: 0.110 s <<< FAILURE!
java.lang.AssertionError: Expected status 200 but got 405
	at com.superset.steps.CommonSteps.theResponseStatusShouldBe(CommonSteps.java:35)
	at ✽.the response status should be 200(classpath:features/theme.feature:49)

Theme API.Theme API - Unset system default theme -- Time elapsed: 0.107 s <<< FAILURE!
java.lang.AssertionError: Expected status 200 but got 405
	at com.superset.steps.CommonSteps.theResponseStatusShouldBe(CommonSteps.java:35)
	at ✽.the response status should be 200(classpath:features/theme.feature:54)

Theme API.Theme API - Export theme -- Time elapsed: 0.125 s <<< FAILURE!
java.lang.AssertionError: Expected status 200 but got 400
	at com.superset.steps.CommonSteps.theResponseStatusShouldBe(CommonSteps.java:35)
	at ✽.the response status should be 200(classpath:features/theme.feature:59)

Theme API.Theme API - Import theme -- Time elapsed: 0.119 s <<< FAILURE!
java.lang.AssertionError: Expected status 200 but got 400
	at com.superset.steps.CommonSteps.theResponseStatusShouldBe(CommonSteps.java:35)
	at ✽.the response status should be 200(classpath:features/theme.feature:64)

User API.User API - Get all users -- Time elapsed: 0.107 s <<< FAILURE!
java.lang.AssertionError: Expected status 200 but got 404
	at com.superset.steps.CommonSteps.theResponseStatusShouldBe(CommonSteps.java:35)
	at ✽.the response status should be 200(classpath:features/user.feature:8)

User API.User API - Get current user info -- Time elapsed: 0.113 s <<< FAILURE!
java.lang.AssertionError: Expected status 200 but got 401
	at com.superset.steps.CommonSteps.theResponseStatusShouldBe(CommonSteps.java:35)
	at ✽.the response status should be 200(classpath:features/user.feature:14)

User API.User API - Get roles -- Time elapsed: 0.114 s <<< FAILURE!
java.lang.AssertionError: Expected status 200 but got 404
	at com.superset.steps.CommonSteps.theResponseStatusShouldBe(CommonSteps.java:35)
	at ✽.the response status should be 200(classpath:features/user.feature:20)

