<?xml version="1.0" encoding="UTF-8"?>
<testsuite xmlns:xsi="http://www.w3.org/2001/XMLSchema-instance" xsi:noNamespaceSchemaLocation="https://maven.apache.org/surefire/maven-surefire-plugin/xsd/surefire-test-report-3.0.xsd" version="3.0" name="com.superset.test.RunCucumberTest" time="5.896" tests="13" errors="0" skipped="0" failures="6">
  <properties>
[...]
</properties>
  <testcase name="Authentication API - Login with valid credentials" classname="Authentication API" time="3.193">
    <system-err><![CDATA[1月 12, 2026 10:53:22 下午 io.cucumber.junit.platform.engine.FeatureResolver resolvePackageResourceWarnIfNone
警告: No features found in package 'com.superset.test'
1月 12, 2026 10:53:22 下午 io.cucumber.junit.platform.engine.FeatureResolver resolvePackageResourceWarnIfNone
警告: No features found in package 'com.superset.test'
]]></system-err>
  </testcase>
  <testcase name="Authentication API - Login with invalid credentials" classname="Authentication API" time="0.151"/>
  <testcase name="Chart API - Get all charts" classname="Chart API" time="0.217">
    <failure message="expected: &lt;200&gt; but was: &lt;500&gt;" type="org.opentest4j.AssertionFailedError"><![CDATA[org.opentest4j.AssertionFailedError: expected: <200> but was: <500>
	at com.superset.steps.DashboardSteps.theResponseStatusShouldBe(DashboardSteps.java:36)
	at ✽.the response status should be 200(classpath:features/chart.feature:8)
]]></failure>
  </testcase>
  <testcase name="Dashboard API - Get all dashboards" classname="Dashboard API" time="0.393"/>
  <testcase name="Dashboard API - Get specific dashboard" classname="Dashboard API" time="0.175">
    <failure message="expected: &lt;200&gt; but was: &lt;404&gt;" type="org.opentest4j.AssertionFailedError"><![CDATA[org.opentest4j.AssertionFailedError: expected: <200> but was: <404>
	at com.superset.steps.DashboardSteps.theResponseStatusShouldBe(DashboardSteps.java:36)
	at ✽.the response status should be 200(classpath:features/dashboard.feature:14)
]]></failure>
  </testcase>
  <testcase name="Database API - Get all databases" classname="Database API" time="0.292"/>
  <testcase name="Database API - Get specific database" classname="Database API" time="0.275"/>
  <testcase name="Dataset API - Get all datasets" classname="Dataset API" time="0.247"/>
  <testcase name="Dataset API - Get specific dataset" classname="Dataset API" time="0.208">
    <failure message="expected: &lt;200&gt; but was: &lt;500&gt;" type="org.opentest4j.AssertionFailedError"><![CDATA[org.opentest4j.AssertionFailedError: expected: <200> but was: <500>
	at com.superset.steps.DashboardSteps.theResponseStatusShouldBe(DashboardSteps.java:36)
	at ✽.the response status should be 200(classpath:features/dataset.feature:14)
]]></failure>
  </testcase>
  <testcase name="Health Check API - Check health status" classname="Health Check API" time="0.015"/>
  <testcase name="User API - Get all users" classname="User API" time="0.144">
    <failure message="expected: &lt;200&gt; but was: &lt;404&gt;" type="org.opentest4j.AssertionFailedError"><![CDATA[org.opentest4j.AssertionFailedError: expected: <200> but was: <404>
	at com.superset.steps.DashboardSteps.theResponseStatusShouldBe(DashboardSteps.java:36)
	at ✽.the response status should be 200(classpath:features/user.feature:8)
]]></failure>
  </testcase>
  <testcase name="User API - Get current user info" classname="User API" time="0.138">
    <failure message="expected: &lt;200&gt; but was: &lt;401&gt;" type="org.opentest4j.AssertionFailedError"><![CDATA[org.opentest4j.AssertionFailedError: expected: <200> but was: <401>
	at com.superset.steps.DashboardSteps.theResponseStatusShouldBe(DashboardSteps.java:36)
	at ✽.the response status should be 200(classpath:features/user.feature:14)
]]></failure>
  </testcase>
  <testcase name="User API - Get roles" classname="User API" time="0.154">
    <failure message="expected: &lt;200&gt; but was: &lt;404&gt;" type="org.opentest4j.AssertionFailedError"><![CDATA[org.opentest4j.AssertionFailedError: expected: <200> but was: <404>
	at com.superset.steps.DashboardSteps.theResponseStatusShouldBe(DashboardSteps.java:36)
	at ✽.the response status should be 200(classpath:features/user.feature:20)
]]></failure>
  </testcase>
</testsuite>