<?xml version="1.0" encoding="UTF-8"?>
<testsuite xmlns:xsi="http://www.w3.org/2001/XMLSchema-instance" xsi:noNamespaceSchemaLocation="https://maven.apache.org/surefire/maven-surefire-plugin/xsd/surefire-test-report-3.0.xsd" version="3.0" name="com.superset.test.RunCucumberTest" time="23.036" tests="139" errors="0" skipped="0" failures="63">
  <properties>
[...]
</properties>
  <testcase name="Advanced Data Type API - Convert advanced data type" classname="Advanced Data Type API" time="2.191">
    <failure message="Expected status 200 but got 405" type="java.lang.AssertionError"><![CDATA[java.lang.AssertionError: Expected status 200 but got 405
	at com.superset.steps.CommonSteps.theResponseStatusShouldBe(CommonSteps.java:35)
	at ✽.the response status should be 200(classpath:features/advanced_data_type.feature:8)
]]></failure>
    <system-out><![CDATA[Expected status: 200, Actual: 405
Response body: {"errors": [{"message": "405 Method Not Allowed: The method is not allowed for the requested URL.", "error_type": "GENERIC_BACKEND_ERROR", "level": "error", "extra": {"issue_codes": [{"code": 1011, "message": "Issue 1011 - Superset encountered an unexpected error."}]}}]}
]]></system-out>
    <system-err><![CDATA[1月 13, 2026 7:27:55 上午 io.cucumber.junit.platform.engine.FeatureResolver resolvePackageResourceWarnIfNone
警告: No features found in package 'com.superset.test'
1月 13, 2026 7:27:56 上午 io.cucumber.junit.platform.engine.FeatureResolver resolvePackageResourceWarnIfNone
警告: No features found in package 'com.superset.test'
]]></system-err>
  </testcase>
  <testcase name="Advanced Data Type API - Get advanced data type types" classname="Advanced Data Type API" time="0.175"/>
  <testcase name="Annotation Layer API - Get all annotation layers" classname="Annotation Layer API" time="0.177"/>
  <testcase name="Annotation Layer API - Get annotation layer info" classname="Annotation Layer API" time="0.168"/>
  <testcase name="Annotation Layer API - Create annotation layer" classname="Annotation Layer API" time="0.155"/>
  <testcase name="Annotation Layer API - Update annotation layer" classname="Annotation Layer API" time="0.151"/>
  <testcase name="Annotation Layer API - Delete annotation layer" classname="Annotation Layer API" time="0.14"/>
  <testcase name="Annotation Layer API - Get specific annotation layer" classname="Annotation Layer API" time="0.138"/>
  <testcase name="Annotation Layer API - Get related column values" classname="Annotation Layer API" time="0.136">
    <failure message="Expected status 200 but got 404" type="java.lang.AssertionError"><![CDATA[java.lang.AssertionError: Expected status 200 but got 404
	at com.superset.steps.CommonSteps.theResponseStatusShouldBe(CommonSteps.java:35)
	at ✽.the response status should be 200(classpath:features/annotation_layer.feature:39)
]]></failure>
    <system-out><![CDATA[Expected status: 200, Actual: 404
Response body: {"message":"Not found"}

]]></system-out>
  </testcase>
  <testcase name="Annotation Layer API - Get annotations for layer" classname="Annotation Layer API" time="0.159"/>
  <testcase name="Annotation Layer API - Create annotation" classname="Annotation Layer API" time="0.131">
    <failure message="Expected status 201 or 200 but got 400" type="java.lang.AssertionError"><![CDATA[java.lang.AssertionError: Expected status 201 or 200 but got 400
	at com.superset.steps.CommonSteps.theResponseStatusShouldBeOr(CommonSteps.java:42)
	at ✽.the response status should be 201 or 200(classpath:features/annotation_layer.feature:49)
]]></failure>
  </testcase>
  <testcase name="Annotation Layer API - Update annotation" classname="Annotation Layer API" time="0.12">
    <failure message="Expected status 200 but got 404" type="java.lang.AssertionError"><![CDATA[java.lang.AssertionError: Expected status 200 but got 404
	at com.superset.steps.CommonSteps.theResponseStatusShouldBe(CommonSteps.java:35)
	at ✽.the response status should be 200(classpath:features/annotation_layer.feature:54)
]]></failure>
    <system-out><![CDATA[Expected status: 200, Actual: 404
Response body: {"message":"Not found"}

]]></system-out>
  </testcase>
  <testcase name="Annotation Layer API - Delete annotation" classname="Annotation Layer API" time="0.119">
    <failure message="Expected status 200 or 202 but got 404" type="java.lang.AssertionError"><![CDATA[java.lang.AssertionError: Expected status 200 or 202 but got 404
	at com.superset.steps.CommonSteps.theResponseStatusShouldBeOr(CommonSteps.java:42)
	at ✽.the response status should be 200 or 202(classpath:features/annotation_layer.feature:59)
]]></failure>
  </testcase>
  <testcase name="Annotation Layer API - Get specific annotation" classname="Annotation Layer API" time="0.136"/>
  <testcase name="Authentication API - Login with valid credentials" classname="Authentication API" time="0.112"/>
  <testcase name="Authentication API - Login with invalid credentials" classname="Authentication API" time="0.086"/>
  <testcase name="Chart API - Get all charts" classname="Chart API" time="0.131">
    <failure message="Expected status 200 but got 500" type="java.lang.AssertionError"><![CDATA[java.lang.AssertionError: Expected status 200 but got 500
	at com.superset.steps.CommonSteps.theResponseStatusShouldBe(CommonSteps.java:35)
	at ✽.the response status should be 200(classpath:features/chart.feature:8)
]]></failure>
    <system-out><![CDATA[Expected status: 200, Actual: 500
Response body: {"message":"Fatal error"}

]]></system-out>
  </testcase>
  <testcase name="CSS Template API - Get all CSS templates" classname="CSS Template API" time="0.184"/>
  <testcase name="CSS Template API - Get CSS template info" classname="CSS Template API" time="0.142"/>
  <testcase name="CSS Template API - Create CSS template" classname="CSS Template API" time="0.13"/>
  <testcase name="CSS Template API - Update CSS template" classname="CSS Template API" time="0.153">
    <failure message="Expected status 200 but got 404" type="java.lang.AssertionError"><![CDATA[java.lang.AssertionError: Expected status 200 but got 404
	at com.superset.steps.CommonSteps.theResponseStatusShouldBe(CommonSteps.java:35)
	at ✽.the response status should be 200(classpath:features/css_template.feature:24)
]]></failure>
    <system-out><![CDATA[Expected status: 200, Actual: 404
Response body: {"message":"Not found"}

]]></system-out>
  </testcase>
  <testcase name="CSS Template API - Delete CSS template" classname="CSS Template API" time="0.142">
    <failure message="Expected status 200 or 202 but got 404" type="java.lang.AssertionError"><![CDATA[java.lang.AssertionError: Expected status 200 or 202 but got 404
	at com.superset.steps.CommonSteps.theResponseStatusShouldBeOr(CommonSteps.java:42)
	at ✽.the response status should be 200 or 202(classpath:features/css_template.feature:29)
]]></failure>
  </testcase>
  <testcase name="CSS Template API - Get specific CSS template" classname="CSS Template API" time="0.147"/>
  <testcase name="CSS Template API - Get related column values" classname="CSS Template API" time="0.12">
    <failure message="Expected status 200 but got 404" type="java.lang.AssertionError"><![CDATA[java.lang.AssertionError: Expected status 200 but got 404
	at com.superset.steps.CommonSteps.theResponseStatusShouldBe(CommonSteps.java:35)
	at ✽.the response status should be 200(classpath:features/css_template.feature:39)
]]></failure>
    <system-out><![CDATA[Expected status: 200, Actual: 404
Response body: {"message":"Not found"}

]]></system-out>
  </testcase>
  <testcase name="Dashboard API - Get all dashboards" classname="Dashboard API" time="0.268"/>
  <testcase name="Dashboard API - Get specific dashboard" classname="Dashboard API" time="0.141"/>
  <testcase name="Database API - Get all databases" classname="Database API" time="0.153"/>
  <testcase name="Database API - Get specific database" classname="Database API" time="0.126"/>
  <testcase name="Dataset API - Get all datasets" classname="Dataset API" time="0.188"/>
  <testcase name="Dataset API - Get specific dataset" classname="Dataset API" time="1.138"/>
  <testcase name="Health Check API - Check health status" classname="Health Check API" time="0.009"/>
  <testcase name="Log API - Get all logs" classname="Log API" time="0.149"/>
  <testcase name="Log API - Get recent activity" classname="Log API" time="0.132"/>
  <testcase name="Log API - Get specific log" classname="Log API" time="0.136"/>
  <testcase name="Menu API - Get menu items" classname="Menu API" time="0.133"/>
  <testcase name="Negative Test Cases - Login with invalid credentials" classname="Negative Test Cases" time="0.088"/>
  <testcase name="Negative Test Cases - Access API without authentication" classname="Negative Test Cases" time="0.014"/>
  <testcase name="Negative Test Cases - Access non-existent resource" classname="Negative Test Cases" time="0.146"/>
  <testcase name="Negative Test Cases - Create resource with invalid data" classname="Negative Test Cases" time="0.13"/>
  <testcase name="Negative Test Cases - Update non-existent resource" classname="Negative Test Cases" time="0.137">
    <failure message="Expected status 404 but got 400" type="java.lang.AssertionError"><![CDATA[java.lang.AssertionError: Expected status 404 but got 400
	at com.superset.steps.CommonSteps.theResponseStatusShouldBe(CommonSteps.java:35)
	at ✽.the response status should be 404(classpath:features/negative.feature:26)
]]></failure>
    <system-out><![CDATA[Expected status: 404, Actual: 400
Response body: {"message":{"name":["Unknown field."]}}

]]></system-out>
  </testcase>
  <testcase name="Negative Test Cases - Delete non-existent resource" classname="Negative Test Cases" time="0.137"/>
  <testcase name="Negative Test Cases - Access resource without permission" classname="Negative Test Cases" time="0.128">
    <failure message="Expected status 403 but got 200" type="java.lang.AssertionError"><![CDATA[java.lang.AssertionError: Expected status 403 but got 200
	at com.superset.steps.CommonSteps.theResponseStatusShouldBe(CommonSteps.java:35)
	at ✽.the response status should be 403(classpath:features/negative.feature:36)
]]></failure>
    <system-out><![CDATA[Expected status: 403, Actual: 200
Response body: {"description_columns":{},"id":1,"label_columns":{"id":"Id","name":"Name"},"result":{"id":1,"name":"Admin"},"show_columns":["id","name"],"show_title":"Show Role"}

]]></system-out>
  </testcase>
  <testcase name="Negative Test Cases - Create duplicate resource" classname="Negative Test Cases" time="0.152"/>
  <testcase name="Negative Test Cases - Request with invalid parameters" classname="Negative Test Cases" time="0.263">
    <failure message="Expected status 400 but got 200" type="java.lang.AssertionError"><![CDATA[java.lang.AssertionError: Expected status 400 but got 200
	at com.superset.steps.CommonSteps.theResponseStatusShouldBe(CommonSteps.java:35)
	at ✽.the response status should be 400(classpath:features/negative.feature:46)
]]></failure>
    <system-out><![CDATA[Expected status: 400, Actual: 200
Response body: {"count":13,"description_columns":{},"ids":[13,12,11,10,9,8,7,6,5,4,3,2,1],"label_columns":{"certification_details":"Certification Details","certified_by":"Certified By","changed_by.first_name":"Changed By First Name","changed_by.id":"Changed By Id","changed_by.last_name":"Changed By Last Name","changed_by_name":"Changed By Name","changed_on_delta_humanized":"Changed On Delta Humanized","changed_on_utc":"Changed On Utc","created_by.first_name":"Created By First Name","created_by.id":"Created By Id","created_by.last_name":"Created By Last Name","created_on_delta_humanized":"Created On Delta Humanized","dashboard_title":"Dashboard Title","id":"Id","is_managed_externally":"Is Managed Externally","owners.first_name":"Owners First Name","owners.id":"Owners Id","owners.last_name":"Owners Last Name","published":"Published","roles.id":"Roles Id","roles.name":"Roles Name","slug":"Slug","status":"Status","tags.id":"Tags Id","tags.name":"Tags Name","tags.type":"Tags Type","thumbnail_url":"Thumbnail Url","url":"Url","uuid":"Uuid"},"list_columns":["id","uuid","published","status","slug","url","thumbnail_url","certified_by","certification_details","changed_by.first_name","changed_by.last_name","changed_by.id","changed_by_name","changed_on_utc","changed_on_delta_humanized","created_on_delta_humanized","created_by.first_name","created_by.id","created_by.last_name","dashboard_title","owners.id","owners.first_name","owners.last_name","roles.id","roles.name","is_managed_externally","tags.id","tags.name","tags.type","uuid"],"list_title":"List Dashboard","order_columns":["changed_by.first_name","changed_on_delta_humanized","created_by.first_name","dashboard_title","published","changed_on"],"result":[{"certification_details":null,"certified_by":null,"changed_by":{"first_name":"Admin","id":1,"last_name":"User"},"changed_by_name":"Admin User","changed_on_delta_humanized":"34 seconds ago","changed_on_utc":"2026-01-12T23:27:30.972118+0000","created_by":{"first_name":"Admin","id":1,"last_name":"User"},"created_on_delta_humanized":"34 seconds ago","dashboard_title":null,"id":13,"is_managed_externally":false,"owners":[{"first_name":"Admin","id":1,"last_name":"User"}],"published":false,"roles":[],"slug":null,"status":"draft","tags":[],"thumbnail_url":"/api/v1/dashboard/13/thumbnail/833276768ca430ecbc7b21d35cd9247c/","url":"/superset/dashboard/13/","uuid":"9631a01f-de91-46d9-93a3-7cf13ce5810a"},{"certification_details":null,"certified_by":null,"changed_by":{"first_name":"Admin","id":1,"last_name":"User"},"changed_by_name":"Admin User","changed_on_delta_humanized":"2 minutes ago","changed_on_utc":"2026-01-12T23:25:52.160737+0000","created_by":{"first_name":"Admin","id":1,"last_name":"User"},"created_on_delta_humanized":"2 minutes ago","dashboard_title":null,"id":12,"is_managed_externally":false,"owners":[{"first_name":"Admin","id":1,"last_name":"User"}],"published":false,"roles":[],"slug":null,"status":"draft","tags":[],"thumbnail_url":"/api/v1/dashboard/12/thumbnail/76dd439a0ee1cf7547ce6556614dbcf2/","url":"/superset/dashboard/12/","uuid":"001d6cef-b08b-46a6-8dab-a7ab4211de44"},{"certification_details":"","certified_by":"","changed_by":null,"changed_by_name":"","changed_on_delta_humanized":"8 hours ago","changed_on_utc":"2026-01-12T15:07:44.498024+0000","created_by":null,"created_on_delta_humanized":"8 hours ago","dashboard_title":"Sales Dashboard","id":11,"is_managed_externally":false,"owners":[],"published":true,"roles":[],"slug":null,"status":"published","tags":[],"thumbnail_url":"/api/v1/dashboard/11/thumbnail/3ac0096b791bc424116dd9c47590a833/","url":"/superset/dashboard/11/","uuid":"04f79081-fb49-7bac-7f14-cc76cd2ad93b"},{"certification_details":"","certified_by":"","changed_by":null,"changed_by_name":"","changed_on_delta_humanized":"8 hours ago","changed_on_utc":"2026-01-12T15:07:44.494887+0000","created_by":null,"created_on_delta_humanized":"8 hours ago","dashboard_title":"Video Game Sales","id":10,"is_managed_externally":false,"owners":[],"published":true,"roles":[],"slug":null,"status":"published","tags":[],"thumbnail_url":"/api/v1/dashboard/10/thumbnail/968aeab72cc77805a5d5fca1a7f8255b/","url":"/superset/dashboard/10/","uuid":"c7bc10f4-6a2d-7569-caae-bbc91864ee11"},{"certification_details":null,"certified_by":null,"changed_by":null,"changed_by_name":"","changed_on_delta_humanized":"8 hours ago","changed_on_utc":"2026-01-12T15:07:44.492964+0000","created_by":null,"created_on_delta_humanized":"8 hours ago","dashboard_title":"Slack Dashboard","id":9,"is_managed_externally":false,"owners":[],"published":true,"roles":[],"slug":null,"status":"published","tags":[],"thumbnail_url":"/api/v1/dashboard/9/thumbnail/4ea20e4fb9e28918debb59cbac8ef511/","url":"/superset/dashboard/9/","uuid":"9726d8b0-222f-eb2c-034a-02b9f51ef5fd"},{"certification_details":"","certified_by":"","changed_by":null,"changed_by_name":"","changed_on_delta_humanized":"8 hours ago","changed_on_utc":"2026-01-12T15:07:44.489450+0000","created_by":null,"created_on_delta_humanized":"8 hours ago","dashboard_title":"COVID Vaccine Dashboard","id":8,"is_managed_externally":false,"owners":[],"published":true,"roles":[],"slug":null,"status":"published","tags":[],"thumbnail_url":"/api/v1/dashboard/8/thumbnail/9c5441572d6fcab02708377cd820b472/","url":"/superset/dashboard/8/","uuid":"f4065089-110a-41fa-8dd7-9ce98a65e250"},{"certification_details":null,"certified_by":null,"changed_by":null,"changed_by_name":"","changed_on_delta_humanized":"8 hours ago","changed_on_utc":"2026-01-12T15:07:44.487686+0000","created_by":null,"created_on_delta_humanized":"8 hours ago","dashboard_title":"Unicode Test","id":7,"is_managed_externally":false,"owners":[],"published":true,"roles":[],"slug":"unicode-test","status":"published","tags":[],"thumbnail_url":"/api/v1/dashboard/7/thumbnail/15f7e6db9bec0c3f0ca217163a1a05de/","url":"/superset/dashboard/unicode-test/","uuid":"6b2de44e-7db1-4264-bfc1-ac3c00d42fad"},{"certification_details":"","certified_by":"","changed_by":null,"changed_by_name":"","changed_on_delta_humanized":"8 hours ago","changed_on_utc":"2026-01-12T15:07:44.483181+0000","created_by":null,"created_on_delta_humanized":"8 hours ago","dashboard_title":"FCC New Coder Survey 2018","id":6,"is_managed_externally":false,"owners":[],"published":true,"roles":[],"slug":null,"status":"published","tags":[],"thumbnail_url":"/api/v1/dashboard/6/thumbnail/d89af49464d57333a8012cc667e98a02/","url":"/superset/dashboard/6/","uuid":"5b12b583-8204-08e9-392c-422209c29787"},{"certification_details":"","certified_by":"","changed_by":null,"changed_by_name":"","changed_on_delta_humanized":"8 hours ago","changed_on_utc":"2026-01-12T15:07:44.481488+0000","created_by":null,"created_on_delta_humanized":"8 hours ago","dashboard_title":"Featured Charts","id":5,"is_managed_externally":false,"owners":[],"published":true,"roles":[],"slug":null,"status":"published","tags":[],"thumbnail_url":"/api/v1/dashboard/5/thumbnail/15b8695df99b78d970ba00d8561cf950/","url":"/superset/dashboard/5/","uuid":"9992d759-90d7-4d2a-b34d-373a8aaa9889"},{"certification_details":null,"certified_by":null,"changed_by":null,"changed_by_name":"","changed_on_delta_humanized":"8 hours ago","changed_on_utc":"2026-01-12T15:06:18.453486+0000","created_by":null,"created_on_delta_humanized":"8 hours ago","dashboard_title":"deck.gl Demo","id":4,"is_managed_externally":false,"owners":[],"published":true,"roles":[],"slug":"deck","status":"published","tags":[],"thumbnail_url":"/api/v1/dashboard/4/thumbnail/13fbd234e469c41d5d0eb423fc9cdb14/","url":"/superset/dashboard/deck/","uuid":"afd69ba3-00eb-4259-afb3-e81acc1a7a79"},{"certification_details":null,"certified_by":null,"changed_by":null,"changed_by_name":"","changed_on_delta_humanized":"8 hours ago","changed_on_utc":"2026-01-12T15:06:18.416534+0000","created_by":null,"created_on_delta_humanized":"8 hours ago","dashboard_title":"Misc Charts","id":3,"is_managed_externally":false,"owners":[],"published":false,"roles":[],"slug":"misc_charts","status":"draft","tags":[],"thumbnail_url":"/api/v1/dashboard/3/thumbnail/d89ae8102d6e8649cf04c9743a888921/","url":"/superset/dashboard/misc_charts/","uuid":"84e88622-9bca-4094-8479-45e5b6b00029"},{"certification_details":null,"certified_by":null,"changed_by":null,"changed_by_name":"","changed_on_delta_humanized":"8 hours ago","changed_on_utc":"2026-01-12T15:06:01.713921+0000","created_by":null,"created_on_delta_humanized":"8 hours ago","dashboard_title":"USA Births Names","id":2,"is_managed_externally":false,"owners":[],"published":true,"roles":[],"slug":"births","status":"published","tags":[],"thumbnail_url":"/api/v1/dashboard/2/thumbnail/c78ef06d660473649b0a77fddd6d7dd2/","url":"/superset/dashboard/births/","uuid":"8a778384-b56f-4882-90fd-2e6a1edaf254"},{"certification_details":null,"certified_by":null,"changed_by":null,"changed_by_name":"","changed_on_delta_humanized":"8 hours ago","changed_on_utc":"2026-01-12T15:05:50.468547+0000","created_by":null,"created_on_delta_humanized":"8 hours ago","dashboard_title":"World Bank's Data","id":1,"is_managed_externally":false,"owners":[],"published":true,"roles":[],"slug":"world_health","status":"published","tags":[],"thumbnail_url":"/api/v1/dashboard/1/thumbnail/b22e7da2c58af83f6cd40ef2a6b73234/","url":"/superset/dashboard/world_health/","uuid":"4dfcbdbe-6251-43da-999e-588048c06f85"}]}

]]></system-out>
  </testcase>
  <testcase name="Negative Test Cases - Request with missing required fields" classname="Negative Test Cases" time="0.147">
    <failure message="Expected status 400 but got 201" type="java.lang.AssertionError"><![CDATA[java.lang.AssertionError: Expected status 400 but got 201
	at com.superset.steps.CommonSteps.theResponseStatusShouldBe(CommonSteps.java:35)
	at ✽.the response status should be 400(classpath:features/negative.feature:51)
]]></failure>
    <system-out><![CDATA[Expected status: 400, Actual: 201
Response body: {"id":14,"result":{}}

]]></system-out>
  </testcase>
  <testcase name="Negative Test Cases - Execute invalid SQL query" classname="Negative Test Cases" time="0.148">
    <failure message="Expected status 400 or 500 but got 422" type="java.lang.AssertionError"><![CDATA[java.lang.AssertionError: Expected status 400 or 500 but got 422
	at com.superset.steps.CommonSteps.theResponseStatusShouldBeOr(CommonSteps.java:42)
	at ✽.the response status should be 400 or 500(classpath:features/negative.feature:56)
]]></failure>
  </testcase>
  <testcase name="Negative Test Cases - Create dashboard with invalid data" classname="Negative Test Cases" time="0.135"/>
  <testcase name="Negative Test Cases - Create chart with invalid data" classname="Negative Test Cases" time="0.143"/>
  <testcase name="Negative Test Cases - Create dataset with invalid data" classname="Negative Test Cases" time="0.133"/>
  <testcase name="Negative Test Cases - Create database with invalid connection" classname="Negative Test Cases" time="0.165">
    <failure message="Expected status 400 or 500 but got 422" type="java.lang.AssertionError"><![CDATA[java.lang.AssertionError: Expected status 400 or 500 but got 422
	at com.superset.steps.CommonSteps.theResponseStatusShouldBeOr(CommonSteps.java:42)
	at ✽.the response status should be 400 or 500(classpath:features/negative.feature:76)
]]></failure>
  </testcase>
  <testcase name="Negative Test Cases - Request with invalid token" classname="Negative Test Cases" time="0.017">
    <failure message="Expected status 401 but got 422" type="java.lang.AssertionError"><![CDATA[java.lang.AssertionError: Expected status 401 but got 422
	at com.superset.steps.CommonSteps.theResponseStatusShouldBe(CommonSteps.java:35)
	at ✽.the response status should be 401(classpath:features/negative.feature:80)
]]></failure>
    <system-out><![CDATA[Expected status: 401, Actual: 422
Response body: {"msg":"Not enough segments"}

]]></system-out>
  </testcase>
  <testcase name="Negative Test Cases - Request with expired token" classname="Negative Test Cases" time="0.015">
    <failure message="Expected status 401 but got 422" type="java.lang.AssertionError"><![CDATA[java.lang.AssertionError: Expected status 401 but got 422
	at com.superset.steps.CommonSteps.theResponseStatusShouldBe(CommonSteps.java:35)
	at ✽.the response status should be 401(classpath:features/negative.feature:84)
]]></failure>
    <system-out><![CDATA[Expected status: 401, Actual: 422
Response body: {"msg":"Invalid crypto padding"}

]]></system-out>
  </testcase>
  <testcase name="Negative Test Cases - Bulk operation with invalid data" classname="Negative Test Cases" time="0.13"/>
  <testcase name="Negative Test Cases - Import with invalid format" classname="Negative Test Cases" time="0.114"/>
  <testcase name="Report API - Get all reports" classname="Report API" time="0.11">
    <failure message="Expected status 200 but got 404" type="java.lang.AssertionError"><![CDATA[java.lang.AssertionError: Expected status 200 but got 404
	at com.superset.steps.CommonSteps.theResponseStatusShouldBe(CommonSteps.java:35)
	at ✽.the response status should be 200(classpath:features/report.feature:8)
]]></failure>
    <system-out><![CDATA[Expected status: 200, Actual: 404
Response body: {"message":"Not found"}

]]></system-out>
  </testcase>
  <testcase name="Report API - Get report info" classname="Report API" time="0.109">
    <failure message="Expected status 200 but got 404" type="java.lang.AssertionError"><![CDATA[java.lang.AssertionError: Expected status 200 but got 404
	at com.superset.steps.CommonSteps.theResponseStatusShouldBe(CommonSteps.java:35)
	at ✽.the response status should be 200(classpath:features/report.feature:14)
]]></failure>
    <system-out><![CDATA[Expected status: 200, Actual: 404
Response body: {"message":"Not found"}

]]></system-out>
  </testcase>
  <testcase name="Report API - Get report slack channels" classname="Report API" time="0.105">
    <failure message="Expected status 200 but got 404" type="java.lang.AssertionError"><![CDATA[java.lang.AssertionError: Expected status 200 but got 404
	at com.superset.steps.CommonSteps.theResponseStatusShouldBe(CommonSteps.java:35)
	at ✽.the response status should be 200(classpath:features/report.feature:19)
]]></failure>
    <system-out><![CDATA[Expected status: 200, Actual: 404
Response body: {"message":"Not found"}

]]></system-out>
  </testcase>
  <testcase name="Report API - Create report" classname="Report API" time="0.106">
    <failure message="Expected status 201 or 200 but got 404" type="java.lang.AssertionError"><![CDATA[java.lang.AssertionError: Expected status 201 or 200 but got 404
	at com.superset.steps.CommonSteps.theResponseStatusShouldBeOr(CommonSteps.java:42)
	at ✽.the response status should be 201 or 200(classpath:features/report.feature:24)
]]></failure>
  </testcase>
  <testcase name="Report API - Update report" classname="Report API" time="0.106">
    <failure message="Expected status 200 but got 404" type="java.lang.AssertionError"><![CDATA[java.lang.AssertionError: Expected status 200 but got 404
	at com.superset.steps.CommonSteps.theResponseStatusShouldBe(CommonSteps.java:35)
	at ✽.the response status should be 200(classpath:features/report.feature:29)
]]></failure>
    <system-out><![CDATA[Expected status: 200, Actual: 404
Response body: {"message":"Not found"}

]]></system-out>
  </testcase>
  <testcase name="Report API - Delete report" classname="Report API" time="0.113">
    <failure message="Expected status 200 or 202 but got 404" type="java.lang.AssertionError"><![CDATA[java.lang.AssertionError: Expected status 200 or 202 but got 404
	at com.superset.steps.CommonSteps.theResponseStatusShouldBeOr(CommonSteps.java:42)
	at ✽.the response status should be 200 or 202(classpath:features/report.feature:34)
]]></failure>
  </testcase>
  <testcase name="Report API - Get report logs" classname="Report API" time="0.106">
    <failure message="Expected status 200 but got 404" type="java.lang.AssertionError"><![CDATA[java.lang.AssertionError: Expected status 200 but got 404
	at com.superset.steps.CommonSteps.theResponseStatusShouldBe(CommonSteps.java:35)
	at ✽.the response status should be 200(classpath:features/report.feature:39)
]]></failure>
    <system-out><![CDATA[Expected status: 200, Actual: 404
Response body: {"message":"Not found"}

]]></system-out>
  </testcase>
  <testcase name="Report API - Get specific report log" classname="Report API" time="0.106">
    <failure message="Expected status 200 but got 404" type="java.lang.AssertionError"><![CDATA[java.lang.AssertionError: Expected status 200 but got 404
	at com.superset.steps.CommonSteps.theResponseStatusShouldBe(CommonSteps.java:35)
	at ✽.the response status should be 200(classpath:features/report.feature:44)
]]></failure>
    <system-out><![CDATA[Expected status: 200, Actual: 404
Response body: {"message":"Not found"}

]]></system-out>
  </testcase>
  <testcase name="Row Level Security API - Get all row level security rules" classname="Row Level Security API" time="0.141"/>
  <testcase name="Row Level Security API - Get row level security info" classname="Row Level Security API" time="0.134"/>
  <testcase name="Row Level Security API - Create row level security rule" classname="Row Level Security API" time="0.134">
    <failure message="Expected status 201 or 200 but got 400" type="java.lang.AssertionError"><![CDATA[java.lang.AssertionError: Expected status 201 or 200 but got 400
	at com.superset.steps.CommonSteps.theResponseStatusShouldBeOr(CommonSteps.java:42)
	at ✽.the response status should be 201 or 200(classpath:features/rowlevelsecurity.feature:19)
]]></failure>
  </testcase>
  <testcase name="Row Level Security API - Update row level security rule" classname="Row Level Security API" time="0.125">
    <failure message="Expected status 200 but got 404" type="java.lang.AssertionError"><![CDATA[java.lang.AssertionError: Expected status 200 but got 404
	at com.superset.steps.CommonSteps.theResponseStatusShouldBe(CommonSteps.java:35)
	at ✽.the response status should be 200(classpath:features/rowlevelsecurity.feature:24)
]]></failure>
    <system-out><![CDATA[Expected status: 200, Actual: 404
Response body: {"message":"Not found"}

]]></system-out>
  </testcase>
  <testcase name="Row Level Security API - Delete row level security rule" classname="Row Level Security API" time="0.156">
    <failure message="Expected status 200 or 202 but got 404" type="java.lang.AssertionError"><![CDATA[java.lang.AssertionError: Expected status 200 or 202 but got 404
	at com.superset.steps.CommonSteps.theResponseStatusShouldBeOr(CommonSteps.java:42)
	at ✽.the response status should be 200 or 202(classpath:features/rowlevelsecurity.feature:29)
]]></failure>
  </testcase>
  <testcase name="Row Level Security API - Get specific row level security rule" classname="Row Level Security API" time="0.137"/>
  <testcase name="Saved Query API - Get all saved queries" classname="Saved Query API" time="0.192"/>
  <testcase name="Saved Query API - Get saved query info" classname="Saved Query API" time="0.135"/>
  <testcase name="Saved Query API - Get distinct values for column" classname="Saved Query API" time="0.124">
    <failure message="Expected status 200 but got 404" type="java.lang.AssertionError"><![CDATA[java.lang.AssertionError: Expected status 200 but got 404
	at com.superset.steps.CommonSteps.theResponseStatusShouldBe(CommonSteps.java:35)
	at ✽.the response status should be 200(classpath:features/saved_query.feature:19)
]]></failure>
    <system-out><![CDATA[Expected status: 200, Actual: 404
Response body: {"message":"Not found"}

]]></system-out>
  </testcase>
  <testcase name="Saved Query API - Create saved query" classname="Saved Query API" time="0.124">
    <failure message="Expected status 201 or 200 but got 422" type="java.lang.AssertionError"><![CDATA[java.lang.AssertionError: Expected status 201 or 200 but got 422
	at com.superset.steps.CommonSteps.theResponseStatusShouldBeOr(CommonSteps.java:42)
	at ✽.the response status should be 201 or 200(classpath:features/saved_query.feature:24)
]]></failure>
  </testcase>
  <testcase name="Saved Query API - Update saved query" classname="Saved Query API" time="0.126">
    <failure message="Expected status 200 but got 404" type="java.lang.AssertionError"><![CDATA[java.lang.AssertionError: Expected status 200 but got 404
	at com.superset.steps.CommonSteps.theResponseStatusShouldBe(CommonSteps.java:35)
	at ✽.the response status should be 200(classpath:features/saved_query.feature:29)
]]></failure>
    <system-out><![CDATA[Expected status: 200, Actual: 404
Response body: {"message":"Not found"}

]]></system-out>
  </testcase>
  <testcase name="Saved Query API - Delete saved query" classname="Saved Query API" time="0.125">
    <failure message="Expected status 200 or 202 but got 404" type="java.lang.AssertionError"><![CDATA[java.lang.AssertionError: Expected status 200 or 202 but got 404
	at com.superset.steps.CommonSteps.theResponseStatusShouldBeOr(CommonSteps.java:42)
	at ✽.the response status should be 200 or 202(classpath:features/saved_query.feature:34)
]]></failure>
  </testcase>
  <testcase name="Saved Query API - Get specific saved query" classname="Saved Query API" time="0.137"/>
  <testcase name="Saved Query API - Export saved query" classname="Saved Query API" time="0.127">
    <failure message="Expected status 200 but got 400" type="java.lang.AssertionError"><![CDATA[java.lang.AssertionError: Expected status 200 but got 400
	at com.superset.steps.CommonSteps.theResponseStatusShouldBe(CommonSteps.java:35)
	at ✽.the response status should be 200(classpath:features/saved_query.feature:44)
]]></failure>
    <system-out><![CDATA[Expected status: 200, Actual: 400
Response body: {"message":"Not a valid rison schema {} is not of type 'array'"}

]]></system-out>
  </testcase>
  <testcase name="Saved Query API - Import saved query" classname="Saved Query API" time="0.119">
    <failure message="Expected status 200 but got 400" type="java.lang.AssertionError"><![CDATA[java.lang.AssertionError: Expected status 200 but got 400
	at com.superset.steps.CommonSteps.theResponseStatusShouldBe(CommonSteps.java:35)
	at ✽.the response status should be 200(classpath:features/saved_query.feature:49)
]]></failure>
    <system-out><![CDATA[Expected status: 200, Actual: 400
Response body: {"errors": [{"message": "Request MIME type is not 'multipart/form-data'", "error_type": "INVALID_PAYLOAD_FORMAT_ERROR", "level": "error", "extra": {"issue_codes": [{"code": 1019, "message": "Issue 1019 - The submitted payload has the incorrect format."}]}}]}
]]></system-out>
  </testcase>
  <testcase name="Security API - Get all groups" classname="Security API" time="0.14"/>
  <testcase name="Security API - Get group info" classname="Security API" time="0.159"/>
  <testcase name="Security API - Get specific group" classname="Security API" time="0.129"/>
  <testcase name="Security API - Get all permissions" classname="Security API" time="0.141"/>
  <testcase name="Security API - Get permission info" classname="Security API" time="0.131"/>
  <testcase name="Security API - Get specific permission" classname="Security API" time="0.121"/>
  <testcase name="Security API - Get all resources" classname="Security API" time="0.13"/>
  <testcase name="Security API - Get resource info" classname="Security API" time="0.138"/>
  <testcase name="Security API - Get specific resource" classname="Security API" time="0.124"/>
  <testcase name="Security API - Get all roles" classname="Security API" time="0.142"/>
  <testcase name="Security API - Get role info" classname="Security API" time="0.132"/>
  <testcase name="Security API - Search roles" classname="Security API" time="0.162"/>
  <testcase name="Security API - Get specific role" classname="Security API" time="0.132"/>
  <testcase name="Security API - Get role groups" classname="Security API" time="0.127">
    <failure message="Expected status 200 but got 405" type="java.lang.AssertionError"><![CDATA[java.lang.AssertionError: Expected status 200 but got 405
	at com.superset.steps.CommonSteps.theResponseStatusShouldBe(CommonSteps.java:35)
	at ✽.the response status should be 200(classpath:features/security.feature:77)
]]></failure>
    <system-out><![CDATA[Expected status: 200, Actual: 405
Response body: {"errors": [{"message": "405 Method Not Allowed: The method is not allowed for the requested URL.", "error_type": "GENERIC_BACKEND_ERROR", "level": "error", "extra": {"issue_codes": [{"code": 1011, "message": "Issue 1011 - Superset encountered an unexpected error."}]}}]}
]]></system-out>
  </testcase>
  <testcase name="Security API - Get role permissions" classname="Security API" time="0.141"/>
  <testcase name="Security API - Get role users" classname="Security API" time="0.118">
    <failure message="Expected status 200 but got 405" type="java.lang.AssertionError"><![CDATA[java.lang.AssertionError: Expected status 200 but got 405
	at com.superset.steps.CommonSteps.theResponseStatusShouldBe(CommonSteps.java:35)
	at ✽.the response status should be 200(classpath:features/security.feature:87)
]]></failure>
    <system-out><![CDATA[Expected status: 200, Actual: 405
Response body: {"errors": [{"message": "405 Method Not Allowed: The method is not allowed for the requested URL.", "error_type": "GENERIC_BACKEND_ERROR", "level": "error", "extra": {"issue_codes": [{"code": 1011, "message": "Issue 1011 - Superset encountered an unexpected error."}]}}]}
]]></system-out>
  </testcase>
  <testcase name="Security API - Get all users" classname="Security API" time="0.153"/>
  <testcase name="Security API - Get user info" classname="Security API" time="0.128"/>
  <testcase name="Security API - Get specific user" classname="Security API" time="0.127"/>
  <testcase name="Security API - Get CSRF token" classname="Security API" time="0.115">
    <failure message="Expected status 200 but got 401" type="java.lang.AssertionError"><![CDATA[java.lang.AssertionError: Expected status 200 but got 401
	at com.superset.steps.CommonSteps.theResponseStatusShouldBe(CommonSteps.java:35)
	at ✽.the response status should be 200(classpath:features/security.feature:108)
]]></failure>
    <system-out><![CDATA[Expected status: 200, Actual: 401
Response body: {"msg":"Missing Authorization Header"}

]]></system-out>
  </testcase>
  <testcase name="Security API - Refresh token" classname="Security API" time="0.105">
    <failure message="Expected status 200 but got 405" type="java.lang.AssertionError"><![CDATA[java.lang.AssertionError: Expected status 200 but got 405
	at com.superset.steps.CommonSteps.theResponseStatusShouldBe(CommonSteps.java:35)
	at ✽.the response status should be 200(classpath:features/security.feature:113)
]]></failure>
    <system-out><![CDATA[Expected status: 200, Actual: 405
Response body: {"errors": [{"message": "405 Method Not Allowed: The method is not allowed for the requested URL.", "error_type": "GENERIC_BACKEND_ERROR", "level": "error", "extra": {"issue_codes": [{"code": 1011, "message": "Issue 1011 - Superset encountered an unexpected error."}]}}]}
]]></system-out>
  </testcase>
  <testcase name="Security API - Get guest token" classname="Security API" time="0.116"/>
  <testcase name="Security API - Get available domains" classname="Security API" time="0.115"/>
  <testcase name="SQL Lab API - Get SQL Lab queries" classname="SQL Lab API" time="0.173"/>
  <testcase name="SQL Lab API - Get distinct values for column" classname="SQL Lab API" time="0.127">
    <failure message="Expected status 200 but got 404" type="java.lang.AssertionError"><![CDATA[java.lang.AssertionError: Expected status 200 but got 404
	at com.superset.steps.CommonSteps.theResponseStatusShouldBe(CommonSteps.java:35)
	at ✽.the response status should be 200(classpath:features/sqllab.feature:14)
]]></failure>
    <system-out><![CDATA[Expected status: 200, Actual: 404
Response body: {"message":"Not found"}

]]></system-out>
  </testcase>
  <testcase name="SQL Lab API - Estimate query" classname="SQL Lab API" time="0.119">
    <failure message="Expected status 200 but got 500" type="java.lang.AssertionError"><![CDATA[java.lang.AssertionError: Expected status 200 but got 500
	at com.superset.steps.CommonSteps.theResponseStatusShouldBe(CommonSteps.java:35)
	at ✽.the response status should be 200(classpath:features/sqllab.feature:19)
]]></failure>
    <system-out><![CDATA[Expected status: 200, Actual: 500
Response body: <!doctype html><html lang="en"><head><meta charset="UTF-8"/><meta http-equiv="X-UA-Compatible" content="IE=edge"/><meta name="viewport" content="width=q,initial-scale=1"/><link rel="icon" type="image/png" href="/static/assets/e3bafb62eb2592c0bb0e.png"/><link href="https://fonts.googleapis.com/css2?family=Inter:wght@400;500&display=swap" rel="stylesheet"/><style>html {
        height: 100%;
      }
      body {
        color: #1985a0;
        font-family: 'Inter', sans-serif;
        height: 100%;
        margin: 0;
        display: flex;
        align-items: stretch;
      }
      h1 {
        font-weight: 600;
        font-size: 88px;
        margin: 0;
      }
      p {
        font-weight: 500;
        font-size: 24px;
        line-height: 40px;
        width: 490px;
      }
      .button {
        -webkit-appearance: button;
        -moz-appearance: button;
        appearance: button;
        background-color: #1985a0; /* Green */
        border: none;
        color: white;
        padding: 16px 38px;
        text-align: center;
        text-decoration: none;
        display: inline-block;
        font-size: 11px;
        border-radius: 4px;
        text-transform: uppercase;
      }
      .error-page-content {
        display: flex;
        flex-direction: row;
        align-items: center;
        justify-content: space-between;
        max-width: 1350px;
        margin: auto;
        width: 100%;
        padding: 56px;
      }
      img {
        width: 540px;
      }</style><title>500: Internal server error | Superset</title></head><body><div class="error-page-content"><section><h1>Internal server error</h1><p>Sorry, something went wrong. We are fixing the mistake now. Try again later or go back to home.</p><a href="/" class="button">Back to home</a></section><img alt="500" src="/static/assets/b01fb73b111d937e4c09.png" width="540"/></div></body></html>
]]></system-out>
  </testcase>
  <testcase name="SQL Lab API - Execute query" classname="SQL Lab API" time="0.222"/>
  <testcase name="SQL Lab API - Stop query" classname="SQL Lab API" time="1.694">
    <failure message="Expected status 200 but got 500" type="java.lang.AssertionError"><![CDATA[java.lang.AssertionError: Expected status 200 but got 500
	at com.superset.steps.CommonSteps.theResponseStatusShouldBe(CommonSteps.java:35)
	at ✽.the response status should be 200(classpath:features/sqllab.feature:29)
]]></failure>
    <system-out><![CDATA[Expected status: 200, Actual: 500
Response body: {"message":"Fatal error"}

]]></system-out>
  </testcase>
  <testcase name="SQL Lab API - Get updated queries" classname="SQL Lab API" time="0.118">
    <failure message="Expected status 200 but got 400" type="java.lang.AssertionError"><![CDATA[java.lang.AssertionError: Expected status 200 but got 400
	at com.superset.steps.CommonSteps.theResponseStatusShouldBe(CommonSteps.java:35)
	at ✽.the response status should be 200(classpath:features/sqllab.feature:34)
]]></failure>
    <system-out><![CDATA[Expected status: 200, Actual: 400
Response body: {"message":"Not a valid rison schema 'last_updated_ms' is a required property"}

]]></system-out>
  </testcase>
  <testcase name="SQL Lab API - Get specific query" classname="SQL Lab API" time="0.129"/>
  <testcase name="SQL Lab API - Export query results" classname="SQL Lab API" time="0.121">
    <failure message="Expected status 200 but got 404" type="java.lang.AssertionError"><![CDATA[java.lang.AssertionError: Expected status 200 but got 404
	at com.superset.steps.CommonSteps.theResponseStatusShouldBe(CommonSteps.java:35)
	at ✽.the response status should be 200(classpath:features/sqllab.feature:44)
]]></failure>
    <system-out><![CDATA[Expected status: 200, Actual: 404
Response body: {"errors": [{"message": "The query associated with these results could not be found. You need to re-run the original query.", "error_type": "RESULTS_BACKEND_ERROR", "level": "error", "extra": {"issue_codes": [{"code": 1031, "message": "Issue 1031 - The results backend no longer has the data from the query."}, {"code": 1032, "message": "Issue 1032 - The query associated with the results was deleted."}, {"code": 1033, "message": "Issue 1033 - The results stored in the backend were stored in a different format, and no longer can be deserialized."}]}}]}
]]></system-out>
  </testcase>
  <testcase name="SQL Lab API - Format SQL" classname="SQL Lab API" time="0.119">
    <failure message="Expected status 200 but got 400" type="java.lang.AssertionError"><![CDATA[java.lang.AssertionError: Expected status 200 but got 400
	at com.superset.steps.CommonSteps.theResponseStatusShouldBe(CommonSteps.java:35)
	at ✽.the response status should be 200(classpath:features/sqllab.feature:49)
]]></failure>
    <system-out><![CDATA[Expected status: 200, Actual: 400
Response body: {"message":{"profiling":["Unknown field."]}}

]]></system-out>
  </testcase>
  <testcase name="SQL Lab API - Get SQL Lab permalink" classname="SQL Lab API" time="0.112">
    <failure message="Expected status 200 but got 405" type="java.lang.AssertionError"><![CDATA[java.lang.AssertionError: Expected status 200 but got 405
	at com.superset.steps.CommonSteps.theResponseStatusShouldBe(CommonSteps.java:35)
	at ✽.the response status should be 200(classpath:features/sqllab.feature:54)
]]></failure>
    <system-out><![CDATA[Expected status: 200, Actual: 405
Response body: {"errors": [{"message": "405 Method Not Allowed: The method is not allowed for the requested URL.", "error_type": "GENERIC_BACKEND_ERROR", "level": "error", "extra": {"issue_codes": [{"code": 1011, "message": "Issue 1011 - Superset encountered an unexpected error."}]}}]}
]]></system-out>
  </testcase>
  <testcase name="SQL Lab API - Get specific SQL Lab permalink" classname="SQL Lab API" time="0.113">
    <failure message="Expected status 200 or 404 but got 500" type="java.lang.AssertionError"><![CDATA[java.lang.AssertionError: Expected status 200 or 404 but got 500
	at com.superset.steps.CommonSteps.theResponseStatusShouldBeOr(CommonSteps.java:42)
	at ✽.the response status should be 200 or 404(classpath:features/sqllab.feature:59)
]]></failure>
  </testcase>
  <testcase name="SQL Lab API - Get query results" classname="SQL Lab API" time="0.119">
    <failure message="Expected status 200 but got 400" type="java.lang.AssertionError"><![CDATA[java.lang.AssertionError: Expected status 200 but got 400
	at com.superset.steps.CommonSteps.theResponseStatusShouldBe(CommonSteps.java:35)
	at ✽.the response status should be 200(classpath:features/sqllab.feature:64)
]]></failure>
    <system-out><![CDATA[Expected status: 200, Actual: 400
Response body: {"message":"Not a valid rison schema 'key' is a required property"}

]]></system-out>
  </testcase>
  <testcase name="Tag API - Get all tags" classname="Tag API" time="0.159"/>
  <testcase name="Tag API - Get tag info" classname="Tag API" time="0.136">
    <failure message="Expected status 200 but got 500" type="java.lang.AssertionError"><![CDATA[java.lang.AssertionError: Expected status 200 but got 500
	at com.superset.steps.CommonSteps.theResponseStatusShouldBe(CommonSteps.java:35)
	at ✽.the response status should be 200(classpath:features/tag.feature:14)
]]></failure>
    <system-out><![CDATA[Expected status: 200, Actual: 500
Response body: {"error": "'objects'"}
]]></system-out>
  </testcase>
  <testcase name="Tag API - Create tag" classname="Tag API" time="0.132"/>
  <testcase name="Tag API - Bulk create tags" classname="Tag API" time="0.113">
    <failure message="Expected status 201 or 200 but got 400" type="java.lang.AssertionError"><![CDATA[java.lang.AssertionError: Expected status 201 or 200 but got 400
	at com.superset.steps.CommonSteps.theResponseStatusShouldBeOr(CommonSteps.java:42)
	at ✽.the response status should be 201 or 200(classpath:features/tag.feature:24)
]]></failure>
  </testcase>
  <testcase name="Tag API - Update tag" classname="Tag API" time="0.142"/>
  <testcase name="Tag API - Delete tag" classname="Tag API" time="0.126"/>
  <testcase name="Tag API - Get specific tag" classname="Tag API" time="0.128"/>
  <testcase name="Tag API - Get tag favorite status" classname="Tag API" time="0.114">
    <failure message="Expected status 200 but got 400" type="java.lang.AssertionError"><![CDATA[java.lang.AssertionError: Expected status 200 but got 400
	at com.superset.steps.CommonSteps.theResponseStatusShouldBe(CommonSteps.java:35)
	at ✽.the response status should be 200(classpath:features/tag.feature:44)
]]></failure>
    <system-out><![CDATA[Expected status: 200, Actual: 400
Response body: {"message":"Not a valid rison schema {} is not of type 'array'"}

]]></system-out>
  </testcase>
  <testcase name="Tag API - Get tag favorites" classname="Tag API" time="0.104">
    <failure message="Expected status 200 but got 405" type="java.lang.AssertionError"><![CDATA[java.lang.AssertionError: Expected status 200 but got 405
	at com.superset.steps.CommonSteps.theResponseStatusShouldBe(CommonSteps.java:35)
	at ✽.the response status should be 200(classpath:features/tag.feature:49)
]]></failure>
    <system-out><![CDATA[Expected status: 200, Actual: 405
Response body: {"errors": [{"message": "405 Method Not Allowed: The method is not allowed for the requested URL.", "error_type": "GENERIC_BACKEND_ERROR", "level": "error", "extra": {"issue_codes": [{"code": 1011, "message": "Issue 1011 - Superset encountered an unexpected error."}]}}]}
]]></system-out>
  </testcase>
  <testcase name="Tag API - Get objects with tag" classname="Tag API" time="0.111"/>
  <testcase name="Tag API - Tag object" classname="Tag API" time="0.112">
    <failure message="Expected status 201 or 200 but got 404" type="java.lang.AssertionError"><![CDATA[java.lang.AssertionError: Expected status 201 or 200 but got 404
	at com.superset.steps.CommonSteps.theResponseStatusShouldBeOr(CommonSteps.java:42)
	at ✽.the response status should be 201 or 200(classpath:features/tag.feature:59)
]]></failure>
  </testcase>
  <testcase name="Tag API - Untag object" classname="Tag API" time="0.108">
    <failure message="Expected status 200 but got 404" type="java.lang.AssertionError"><![CDATA[java.lang.AssertionError: Expected status 200 but got 404
	at com.superset.steps.CommonSteps.theResponseStatusShouldBe(CommonSteps.java:35)
	at ✽.the response status should be 200(classpath:features/tag.feature:64)
]]></failure>
    <system-out><![CDATA[Expected status: 200, Actual: 404
Response body: <!doctype html><html lang="en"><head><meta charset="UTF-8"/><meta http-equiv="X-UA-Compatible" content="IE=edge"/><meta name="viewport" content="width=q,initial-scale=1"/><link rel="icon" type="image/png" href="/static/assets/e3bafb62eb2592c0bb0e.png"/><link rel="preconnect" href="https://fonts.gstatic.com"/><link href="https://fonts.googleapis.com/css2?family=Inter:wght@400;500&display=swap" rel="stylesheet"/><style>html {
        height: 100%;
      }
      body {
        color: #1985a0;
        font-family: 'Inter', sans-serif;
        height: 100%;
        margin: 0;
        display: flex;
        align-items: stretch;
      }
      h1 {
        font-weight: 600;
        font-size: 88px;
        margin: 0;
      }
      p {
        font-weight: 500;
        font-size: 24px;
        line-height: 40px;
        width: 490px;
      }
      .button {
        -webkit-appearance: button;
        -moz-appearance: button;
        appearance: button;
        background-color: #1985a0; /* Green */
        border: none;
        color: white;
        padding: 16px 38px;
        text-align: center;
        text-decoration: none;
        display: inline-block;
        font-size: 11px;
        border-radius: 4px;
        text-transform: uppercase;
      }
      .error-page-content {
        display: flex;
        flex-direction: row;
        align-items: center;
        justify-content: space-between;
        max-width: 1350px;
        margin: auto;
        width: 100%;
        padding: 56px;
      }
      img {
        width: 540px;
      }</style><title>404: Not found | Superset</title></head><body><div class="error-page-content"><section><h1>Page not found</h1><p>Sorry, we cannot find the page you are looking for. You may have mistyped the address or the page may have moved.</p><a href="/" class="button">Back to home</a></section><img alt="404" src="/static/assets/1a1474519a0ea853fdce.png" width="540"/></div></body></html>
]]></system-out>
  </testcase>
  <testcase name="Theme API - Get all themes" classname="Theme API" time="0.159"/>
  <testcase name="Theme API - Get theme info" classname="Theme API" time="0.124"/>
  <testcase name="Theme API - Create theme" classname="Theme API" time="0.121">
    <failure message="Expected status 201 or 200 but got 400" type="java.lang.AssertionError"><![CDATA[java.lang.AssertionError: Expected status 201 or 200 but got 400
	at com.superset.steps.CommonSteps.theResponseStatusShouldBeOr(CommonSteps.java:42)
	at ✽.the response status should be 201 or 200(classpath:features/theme.feature:19)
]]></failure>
  </testcase>
  <testcase name="Theme API - Update theme" classname="Theme API" time="0.126">
    <failure message="Expected status 200 but got 400" type="java.lang.AssertionError"><![CDATA[java.lang.AssertionError: Expected status 200 but got 400
	at com.superset.steps.CommonSteps.theResponseStatusShouldBe(CommonSteps.java:35)
	at ✽.the response status should be 200(classpath:features/theme.feature:24)
]]></failure>
    <system-out><![CDATA[Expected status: 200, Actual: 400
Response body: {"message":{"json_data":["Missing data for required field."],"theme_name":["Missing data for required field."]}}

]]></system-out>
  </testcase>
  <testcase name="Theme API - Delete theme" classname="Theme API" time="0.129">
    <failure message="Expected status 200 or 202 but got 403" type="java.lang.AssertionError"><![CDATA[java.lang.AssertionError: Expected status 200 or 202 but got 403
	at com.superset.steps.CommonSteps.theResponseStatusShouldBeOr(CommonSteps.java:42)
	at ✽.the response status should be 200 or 202(classpath:features/theme.feature:29)
]]></failure>
  </testcase>
  <testcase name="Theme API - Get specific theme" classname="Theme API" time="0.133"/>
  <testcase name="Theme API - Set theme as system dark" classname="Theme API" time="0.141"/>
  <testcase name="Theme API - Set theme as system default" classname="Theme API" time="0.131"/>
  <testcase name="Theme API - Unset system dark theme" classname="Theme API" time="0.11">
    <failure message="Expected status 200 but got 405" type="java.lang.AssertionError"><![CDATA[java.lang.AssertionError: Expected status 200 but got 405
	at com.superset.steps.CommonSteps.theResponseStatusShouldBe(CommonSteps.java:35)
	at ✽.the response status should be 200(classpath:features/theme.feature:49)
]]></failure>
    <system-out><![CDATA[Expected status: 200, Actual: 405
Response body: {"errors": [{"message": "405 Method Not Allowed: The method is not allowed for the requested URL.", "error_type": "GENERIC_BACKEND_ERROR", "level": "error", "extra": {"issue_codes": [{"code": 1011, "message": "Issue 1011 - Superset encountered an unexpected error."}]}}]}
]]></system-out>
  </testcase>
  <testcase name="Theme API - Unset system default theme" classname="Theme API" time="0.107">
    <failure message="Expected status 200 but got 405" type="java.lang.AssertionError"><![CDATA[java.lang.AssertionError: Expected status 200 but got 405
	at com.superset.steps.CommonSteps.theResponseStatusShouldBe(CommonSteps.java:35)
	at ✽.the response status should be 200(classpath:features/theme.feature:54)
]]></failure>
    <system-out><![CDATA[Expected status: 200, Actual: 405
Response body: {"errors": [{"message": "405 Method Not Allowed: The method is not allowed for the requested URL.", "error_type": "GENERIC_BACKEND_ERROR", "level": "error", "extra": {"issue_codes": [{"code": 1011, "message": "Issue 1011 - Superset encountered an unexpected error."}]}}]}
]]></system-out>
  </testcase>
  <testcase name="Theme API - Export theme" classname="Theme API" time="0.125">
    <failure message="Expected status 200 but got 400" type="java.lang.AssertionError"><![CDATA[java.lang.AssertionError: Expected status 200 but got 400
	at com.superset.steps.CommonSteps.theResponseStatusShouldBe(CommonSteps.java:35)
	at ✽.the response status should be 200(classpath:features/theme.feature:59)
]]></failure>
    <system-out><![CDATA[Expected status: 200, Actual: 400
Response body: {"message":"Not a valid rison schema {} is not of type 'array'"}

]]></system-out>
  </testcase>
  <testcase name="Theme API - Import theme" classname="Theme API" time="0.119">
    <failure message="Expected status 200 but got 400" type="java.lang.AssertionError"><![CDATA[java.lang.AssertionError: Expected status 200 but got 400
	at com.superset.steps.CommonSteps.theResponseStatusShouldBe(CommonSteps.java:35)
	at ✽.the response status should be 200(classpath:features/theme.feature:64)
]]></failure>
    <system-out><![CDATA[Expected status: 200, Actual: 400
Response body: {"message":"Arguments are not correct"}

]]></system-out>
  </testcase>
  <testcase name="User API - Get all users" classname="User API" time="0.107">
    <failure message="Expected status 200 but got 404" type="java.lang.AssertionError"><![CDATA[java.lang.AssertionError: Expected status 200 but got 404
	at com.superset.steps.CommonSteps.theResponseStatusShouldBe(CommonSteps.java:35)
	at ✽.the response status should be 200(classpath:features/user.feature:8)
]]></failure>
    <system-out><![CDATA[Expected status: 200, Actual: 404
Response body: <!doctype html><html lang="en"><head><meta charset="UTF-8"/><meta http-equiv="X-UA-Compatible" content="IE=edge"/><meta name="viewport" content="width=q,initial-scale=1"/><link rel="icon" type="image/png" href="/static/assets/e3bafb62eb2592c0bb0e.png"/><link rel="preconnect" href="https://fonts.gstatic.com"/><link href="https://fonts.googleapis.com/css2?family=Inter:wght@400;500&display=swap" rel="stylesheet"/><style>html {
        height: 100%;
      }
      body {
        color: #1985a0;
        font-family: 'Inter', sans-serif;
        height: 100%;
        margin: 0;
        display: flex;
        align-items: stretch;
      }
      h1 {
        font-weight: 600;
        font-size: 88px;
        margin: 0;
      }
      p {
        font-weight: 500;
        font-size: 24px;
        line-height: 40px;
        width: 490px;
      }
      .button {
        -webkit-appearance: button;
        -moz-appearance: button;
        appearance: button;
        background-color: #1985a0; /* Green */
        border: none;
        color: white;
        padding: 16px 38px;
        text-align: center;
        text-decoration: none;
        display: inline-block;
        font-size: 11px;
        border-radius: 4px;
        text-transform: uppercase;
      }
      .error-page-content {
        display: flex;
        flex-direction: row;
        align-items: center;
        justify-content: space-between;
        max-width: 1350px;
        margin: auto;
        width: 100%;
        padding: 56px;
      }
      img {
        width: 540px;
      }</style><title>404: Not found | Superset</title></head><body><div class="error-page-content"><section><h1>Page not found</h1><p>Sorry, we cannot find the page you are looking for. You may have mistyped the address or the page may have moved.</p><a href="/" class="button">Back to home</a></section><img alt="404" src="/static/assets/1a1474519a0ea853fdce.png" width="540"/></div></body></html>
]]></system-out>
  </testcase>
  <testcase name="User API - Get current user info" classname="User API" time="0.113">
    <failure message="Expected status 200 but got 401" type="java.lang.AssertionError"><![CDATA[java.lang.AssertionError: Expected status 200 but got 401
	at com.superset.steps.CommonSteps.theResponseStatusShouldBe(CommonSteps.java:35)
	at ✽.the response status should be 200(classpath:features/user.feature:14)
]]></failure>
    <system-out><![CDATA[Expected status: 200, Actual: 401
Response body: {"message":"Not authorized"}

]]></system-out>
  </testcase>
  <testcase name="User API - Get roles" classname="User API" time="0.114">
    <failure message="Expected status 200 but got 404" type="java.lang.AssertionError"><![CDATA[java.lang.AssertionError: Expected status 200 but got 404
	at com.superset.steps.CommonSteps.theResponseStatusShouldBe(CommonSteps.java:35)
	at ✽.the response status should be 200(classpath:features/user.feature:20)
]]></failure>
    <system-out><![CDATA[Expected status: 200, Actual: 404
Response body: <!doctype html><html lang="en"><head><meta charset="UTF-8"/><meta http-equiv="X-UA-Compatible" content="IE=edge"/><meta name="viewport" content="width=q,initial-scale=1"/><link rel="icon" type="image/png" href="/static/assets/e3bafb62eb2592c0bb0e.png"/><link rel="preconnect" href="https://fonts.gstatic.com"/><link href="https://fonts.googleapis.com/css2?family=Inter:wght@400;500&display=swap" rel="stylesheet"/><style>html {
        height: 100%;
      }
      body {
        color: #1985a0;
        font-family: 'Inter', sans-serif;
        height: 100%;
        margin: 0;
        display: flex;
        align-items: stretch;
      }
      h1 {
        font-weight: 600;
        font-size: 88px;
        margin: 0;
      }
      p {
        font-weight: 500;
        font-size: 24px;
        line-height: 40px;
        width: 490px;
      }
      .button {
        -webkit-appearance: button;
        -moz-appearance: button;
        appearance: button;
        background-color: #1985a0; /* Green */
        border: none;
        color: white;
        padding: 16px 38px;
        text-align: center;
        text-decoration: none;
        display: inline-block;
        font-size: 11px;
        border-radius: 4px;
        text-transform: uppercase;
      }
      .error-page-content {
        display: flex;
        flex-direction: row;
        align-items: center;
        justify-content: space-between;
        max-width: 1350px;
        margin: auto;
        width: 100%;
        padding: 56px;
      }
      img {
        width: 540px;
      }</style><title>404: Not found | Superset</title></head><body><div class="error-page-content"><section><h1>Page not found</h1><p>Sorry, we cannot find the page you are looking for. You may have mistyped the address or the page may have moved.</p><a href="/" class="button">Back to home</a></section><img alt="404" src="/static/assets/1a1474519a0ea853fdce.png" width="540"/></div></body></html>
]]></system-out>
  </testcase>
</testsuite>